{"numFailedTestSuites":0,"numFailedTests":0,"numPassedTestSuites":15,"numPassedTests":236,"numPendingTestSuites":0,"numPendingTests":0,"numRuntimeErrorTestSuites":0,"numTodoTests":0,"numTotalTestSuites":15,"numTotalTests":236,"openHandles":[],"snapshot":{"added":0,"didUpdate":false,"failure":false,"filesAdded":0,"filesRemoved":0,"filesRemovedList":[],"filesUnmatched":0,"filesUpdated":0,"matched":0,"total":0,"unchecked":0,"uncheckedKeysByFile":[],"unmatched":0,"updated":0},"startTime":1790311841452,"success":true,"testResults":[{"assertionResults":[{"ancestorTitles":["CLAIM: backpressure genuinely suspends the producer"],"duration":26,"failureDetails":[],"failureMessages":[],"fullName":"CLAIM: backpressure genuinely suspends the producer enqueue on a full queue does not settle until a dequeue frees space","invocations":1,"location":null,"numPassingAsserts":7,"retryReasons":[],"status":"passed","title":"enqueue on a full queue does not settle until a dequeue frees space"},{"ancestorTitles":["CLAIM: backpressure genuinely suspends the producer"],"duration":12,"failureDetails":[],"failureMessages":[],"fullName":"CLAIM: backpressure genuinely suspends the producer queue never buffers more than maxSize even with a burst of producers","invocations":1,"location":null,"numPassingAsserts":2,"retryReasons":[],"status":"passed","title":"queue never buffers more than maxSize even with a burst of producers"},{"ancestorTitles":["CLAIM: O(1) memory"],"duration":6,"failureDetails":[],"failureMessages":[],"fullName":"CLAIM: O(1) memory buffer allocation is O(maxSize), not O(1)","invocations":1,"location":null,"numPassingAsserts":2,"retryReasons":[],"status":"passed","title":"buffer allocation is O(maxSize), not O(1)"},{"ancestorTitles":["CLAIM: O(1) memory"],"duration":1,"failureDetails":[],"failureMessages":[],"fullName":"CLAIM: O(1) memory buffer is rounded UP to a power of two, so capacity can cost ~2x maxSize slots","invocations":1,"location":null,"numPassingAsserts":2,"retryReasons":[],"status":"passed","title":"buffer is rounded UP to a power of two, so capacity can cost ~2x maxSize slots"},{"ancestorTitles":["CLAIM: O(1) memory"],"duration":60,"failureDetails":[],"failureMessages":[],"fullName":"CLAIM: O(1) memory waiter storage is released as waiters leave — no high-water-mark retention","invocations":1,"location":null,"numPassingAsserts":7,"retryReasons":[],"status":"passed","title":"waiter storage is released as waiters leave — no high-water-mark retention"},{"ancestorTitles":["CLAIM: O(1) memory"],"duration":26,"failureDetails":[],"failureMessages":[],"fullName":"CLAIM: O(1) memory cancelled waiters are unlinked immediately, not tombstoned until the next pop","invocations":1,"location":null,"numPassingAsserts":5,"retryReasons":[],"status":"passed","title":"cancelled waiters are unlinked immediately, not tombstoned until the next pop"},{"ancestorTitles":["DEFECT: undefined is used as the end-of-stream sentinel"],"duration":2,"failureDetails":[],"failureMessages":[],"fullName":"DEFECT: undefined is used as the end-of-stream sentinel enqueue(undefined) silently truncates for-await-of","invocations":1,"location":null,"numPassingAsserts":1,"retryReasons":[],"status":"passed","title":"enqueue(undefined) silently truncates for-await-of"},{"ancestorTitles":["DEFECT: undefined is used as the end-of-stream sentinel"],"duration":0,"failureDetails":[],"failureMessages":[],"fullName":"DEFECT: undefined is used as the end-of-stream sentinel drain() loses everything after the first undefined","invocations":1,"location":null,"numPassingAsserts":1,"retryReasons":[],"status":"passed","title":"drain() loses everything after the first undefined"},{"ancestorTitles":["DEFECT: undefined is used as the end-of-stream sentinel"],"duration":0,"failureDetails":[],"failureMessages":[],"fullName":"DEFECT: undefined is used as the end-of-stream sentinel take(n) stops early on an undefined payload even though the queue is open","invocations":1,"location":null,"numPassingAsserts":1,"retryReasons":[],"status":"passed","title":"take(n) stops early on an undefined payload even though the queue is open"},{"ancestorTitles":["DEFECT: undefined is used as the end-of-stream sentinel"],"duration":0,"failureDetails":[],"failureMessages":[],"fullName":"DEFECT: undefined is used as the end-of-stream sentinel sparse arrays / optional fields produce undefined naturally","invocations":1,"location":null,"numPassingAsserts":1,"retryReasons":[],"status":"passed","title":"sparse arrays / optional fields produce undefined naturally"},{"ancestorTitles":["DEFECT: FIFO is not preserved across blocked producers (LIFO wake)"],"duration":9,"failureDetails":[],"failureMessages":[],"fullName":"DEFECT: FIFO is not preserved across blocked producers (LIFO wake) README claims \"strict FIFO\"; blocked producers are woken LIFO","invocations":1,"location":null,"numPassingAsserts":2,"retryReasons":[],"status":"passed","title":"README claims \"strict FIFO\"; blocked producers are woken LIFO"},{"ancestorTitles":["DEFECT: LIFO wake starves the earliest blocked producer"],"duration":321,"failureDetails":[],"failureMessages":[],"fullName":"DEFECT: LIFO wake starves the earliest blocked producer the first blocked producer never completes under sustained contention","invocations":1,"location":null,"numPassingAsserts":1,"retryReasons":[],"status":"passed","title":"the first blocked producer never completes under sustained contention"},{"ancestorTitles":["DEFECT: constructor validation and large maxSize"],"duration":43,"failureDetails":[],"failureMessages":[],"fullName":"DEFECT: constructor validation and large maxSize maxSize = 0 is rejected","invocations":1,"location":null,"numPassingAsserts":1,"retryReasons":[],"status":"passed","title":"maxSize = 0 is rejected"},{"ancestorTitles":["DEFECT: constructor validation and large maxSize"],"duration":0,"failureDetails":[],"failureMessages":[],"fullName":"DEFECT: constructor validation and large maxSize maxSize just above 2^30 must not throw RangeError","invocations":1,"location":null,"numPassingAsserts":1,"retryReasons":[],"status":"passed","title":"maxSize just above 2^30 must not throw RangeError"},{"ancestorTitles":["DEFECT: constructor validation and large maxSize"],"duration":0,"failureDetails":[],"failureMessages":[],"fullName":"DEFECT: constructor validation and large maxSize very large maxSize must not silently collapse the buffer to 1 slot","invocations":1,"location":null,"numPassingAsserts":1,"retryReasons":[],"status":"passed","title":"very large maxSize must not silently collapse the buffer to 1 slot"},{"ancestorTitles":["DEFECT: constructor validation and large maxSize"],"duration":1,"failureDetails":[],"failureMessages":[],"fullName":"DEFECT: constructor validation and large maxSize huge maxSize corrupts data: items overwrite each other in a 1-slot buffer","invocations":1,"location":null,"numPassingAsserts":2,"retryReasons":[],"status":"passed","title":"huge maxSize corrupts data: items overwrite each other in a 1-slot buffer"},{"ancestorTitles":["DEFECT: constructor validation and large maxSize"],"duration":0,"failureDetails":[],"failureMessages":[],"fullName":"DEFECT: constructor validation and large maxSize maxSize = Infinity is accepted and collapses the buffer to 1 slot","invocations":1,"location":null,"numPassingAsserts":1,"retryReasons":[],"status":"passed","title":"maxSize = Infinity is accepted and collapses the buffer to 1 slot"},{"ancestorTitles":["DEFECT: constructor validation and large maxSize"],"duration":1,"failureDetails":[],"failureMessages":[],"fullName":"DEFECT: constructor validation and large maxSize maxSize = NaN passes validation (NaN < 1 is false)","invocations":1,"location":null,"numPassingAsserts":1,"retryReasons":[],"status":"passed","title":"maxSize = NaN passes validation (NaN < 1 is false)"},{"ancestorTitles":["DEFECT: constructor validation and large maxSize"],"duration":1,"failureDetails":[],"failureMessages":[],"fullName":"DEFECT: constructor validation and large maxSize NaN maxSize is rejected before it can disable backpressure","invocations":1,"location":null,"numPassingAsserts":5,"retryReasons":[],"status":"passed","title":"NaN maxSize is rejected before it can disable backpressure"},{"ancestorTitles":["DEFECT: constructor validation and large maxSize"],"duration":1,"failureDetails":[],"failureMessages":[],"fullName":"DEFECT: constructor validation and large maxSize non-integer maxSize overflows the buffer","invocations":1,"location":null,"numPassingAsserts":3,"retryReasons":[],"status":"passed","title":"non-integer maxSize overflows the buffer"},{"ancestorTitles":["DEFECT: an abandoned dequeue waiter swallows a future item"],"duration":22,"failureDetails":[],"failureMessages":[],"fullName":"DEFECT: an abandoned dequeue waiter swallows a future item timing out a dequeue destroys the next enqueued item and hangs a live consumer","invocations":1,"location":null,"numPassingAsserts":4,"retryReasons":[],"status":"passed","title":"timing out a dequeue destroys the next enqueued item and hangs a live consumer"},{"ancestorTitles":["close() races"],"duration":6,"failureDetails":[],"failureMessages":[],"fullName":"close() races close() while consumers wait: all consumers resolve to undefined","invocations":1,"location":null,"numPassingAsserts":2,"retryReasons":[],"status":"passed","title":"close() while consumers wait: all consumers resolve to undefined"},{"ancestorTitles":["close() races"],"duration":6,"failureDetails":[],"failureMessages":[],"fullName":"close() races close() while producers are blocked: their items leave the queue, but recoverably","invocations":1,"location":null,"numPassingAsserts":3,"retryReasons":[],"status":"passed","title":"close() while producers are blocked: their items leave the queue, but recoverably"},{"ancestorTitles":["close() races"],"duration":1,"failureDetails":[],"failureMessages":[],"fullName":"close() races enqueue after close rejects","invocations":1,"location":null,"numPassingAsserts":1,"retryReasons":[],"status":"passed","title":"enqueue after close rejects"},{"ancestorTitles":["close() races"],"duration":0,"failureDetails":[],"failureMessages":[],"fullName":"close() races dequeue after close on a non-empty queue drains, then returns undefined","invocations":1,"location":null,"numPassingAsserts":4,"retryReasons":[],"status":"passed","title":"dequeue after close on a non-empty queue drains, then returns undefined"},{"ancestorTitles":["close() races"],"duration":1,"failureDetails":[],"failureMessages":[],"fullName":"close() races close() is idempotent","invocations":1,"location":null,"numPassingAsserts":1,"retryReasons":[],"status":"passed","title":"close() is idempotent"},{"ancestorTitles":["close() races"],"duration":107,"failureDetails":[],"failureMessages":[],"fullName":"close() races close() during a concurrent producer/consumer storm never hangs","invocations":1,"location":null,"numPassingAsserts":40,"retryReasons":[],"status":"passed","title":"close() during a concurrent producer/consumer storm never hangs"},{"ancestorTitles":["async iterator termination and waiter leaks"],"duration":0,"failureDetails":[],"failureMessages":[],"fullName":"async iterator termination and waiter leaks iterate() terminates when the queue is closed","invocations":1,"location":null,"numPassingAsserts":2,"retryReasons":[],"status":"passed","title":"iterate() terminates when the queue is closed"},{"ancestorTitles":["async iterator termination and waiter leaks"],"duration":6,"failureDetails":[],"failureMessages":[],"fullName":"async iterator termination and waiter leaks breaking out of for-await-of leaves no waiting consumer behind","invocations":1,"location":null,"numPassingAsserts":2,"retryReasons":[],"status":"passed","title":"breaking out of for-await-of leaves no waiting consumer behind"},{"ancestorTitles":["async iterator termination and waiter leaks"],"duration":11,"failureDetails":[],"failureMessages":[],"fullName":"async iterator termination and waiter leaks abandoning an in-flight iterator .next() leaves a phantom waiter","invocations":1,"location":null,"numPassingAsserts":3,"retryReasons":[],"status":"passed","title":"abandoning an in-flight iterator .next() leaves a phantom waiter"},{"ancestorTitles":["async iterator termination and waiter leaks"],"duration":3,"failureDetails":[],"failureMessages":[],"fullName":"async iterator termination and waiter leaks two concurrent for-await-of loops over one queue receive each item exactly once","invocations":1,"location":null,"numPassingAsserts":2,"retryReasons":[],"status":"passed","title":"two concurrent for-await-of loops over one queue receive each item exactly once"},{"ancestorTitles":["lost wakeup hunt (randomised)"],"duration":549,"failureDetails":[],"failureMessages":[],"fullName":"lost wakeup hunt (randomised) no item is lost or duplicated and nothing hangs across many random schedules","invocations":1,"location":null,"numPassingAsserts":75,"retryReasons":[],"status":"passed","title":"no item is lost or duplicated and nothing hangs across many random schedules"},{"ancestorTitles":["documentation vs implementation"],"duration":1,"failureDetails":[],"failureMessages":[],"fullName":"documentation vs implementation \"Direct Handoff: skip buffer when a consumer is waiting\" — does it exist?","invocations":1,"location":null,"numPassingAsserts":3,"retryReasons":[],"status":"passed","title":"\"Direct Handoff: skip buffer when a consumer is waiting\" — does it exist?"}],"endTime":1790311845068,"message":"","name":"/home/runner/work/async-queue-js/async-queue-js/test/adversarial.test.ts","startTime":1790311841964,"status":"passed","summary":""},{"assertionResults":[{"ancestorTitles":["D10: aborting a fire-and-forget enqueue must not kill the process"],"duration":65,"failureDetails":[],"failureMessages":[],"fullName":"D10: aborting a fire-and-forget enqueue must not kill the process aborting blocked fire-and-forget producers emits no unhandled rejection","invocations":1,"location":null,"numPassingAsserts":3,"retryReasons":[],"status":"passed","title":"aborting blocked fire-and-forget producers emits no unhandled rejection"},{"ancestorTitles":["D10: aborting a fire-and-forget enqueue must not kill the process"],"duration":51,"failureDetails":[],"failureMessages":[],"fullName":"D10: aborting a fire-and-forget enqueue must not kill the process a fire-and-forget enqueue with an ALREADY-aborted signal is not reported globally","invocations":1,"location":null,"numPassingAsserts":1,"retryReasons":[],"status":"passed","title":"a fire-and-forget enqueue with an ALREADY-aborted signal is not reported globally"},{"ancestorTitles":["D10: aborting a fire-and-forget enqueue must not kill the process"],"duration":58,"failureDetails":[],"failureMessages":[],"fullName":"D10: aborting a fire-and-forget enqueue must not kill the process close() and abort() racing over the same producer set stay silent","invocations":1,"location":null,"numPassingAsserts":1,"retryReasons":[],"status":"passed","title":"close() and abort() racing over the same producer set stay silent"},{"ancestorTitles":["D10: aborting a fire-and-forget enqueue must not kill the process"],"duration":20,"failureDetails":[],"failureMessages":[],"fullName":"D10: aborting a fire-and-forget enqueue must not kill the process suppression does not consume the abort: awaiting callers still see it","invocations":1,"location":null,"numPassingAsserts":2,"retryReasons":[],"status":"passed","title":"suppression does not consume the abort: awaiting callers still see it"},{"ancestorTitles":["D10: aborting a fire-and-forget enqueue must not kill the process"],"duration":6,"failureDetails":[],"failureMessages":[],"fullName":"D10: aborting a fire-and-forget enqueue must not kill the process an aborted producer never inserts its item, and close() does not report it","invocations":1,"location":null,"numPassingAsserts":5,"retryReasons":[],"status":"passed","title":"an aborted producer never inserts its item, and close() does not report it"},{"ancestorTitles":["D11: return() must release EVERY in-flight next()"],"duration":6,"failureDetails":[],"failureMessages":[],"fullName":"D11: return() must release EVERY in-flight next() two concurrent next() calls are both settled by return()","invocations":1,"location":null,"numPassingAsserts":4,"retryReasons":[],"status":"passed","title":"two concurrent next() calls are both settled by return()"},{"ancestorTitles":["D11: return() must release EVERY in-flight next()"],"duration":16,"failureDetails":[],"failureMessages":[],"fullName":"D11: return() must release EVERY in-flight next() a torn-down iterator cannot swallow an item enqueued afterwards","invocations":1,"location":null,"numPassingAsserts":4,"retryReasons":[],"status":"passed","title":"a torn-down iterator cannot swallow an item enqueued afterwards"},{"ancestorTitles":["D11: return() must release EVERY in-flight next()"],"duration":16,"failureDetails":[],"failureMessages":[],"fullName":"D11: return() must release EVERY in-flight next() poll-with-timeout then return() leaves nothing parked (no concurrency needed)","invocations":1,"location":null,"numPassingAsserts":5,"retryReasons":[],"status":"passed","title":"poll-with-timeout then return() leaves nothing parked (no concurrency needed)"},{"ancestorTitles":["D11: return() must release EVERY in-flight next()"],"duration":6,"failureDetails":[],"failureMessages":[],"fullName":"D11: return() must release EVERY in-flight next() toAsyncGenerator() has the same guarantee","invocations":1,"location":null,"numPassingAsserts":4,"retryReasons":[],"status":"passed","title":"toAsyncGenerator() has the same guarantee"},{"ancestorTitles":["D11: return() must release EVERY in-flight next()"],"duration":24,"failureDetails":[],"failureMessages":[],"fullName":"D11: return() must release EVERY in-flight next() throw() also releases every in-flight next()","invocations":1,"location":null,"numPassingAsserts":4,"retryReasons":[],"status":"passed","title":"throw() also releases every in-flight next()"},{"ancestorTitles":["D11: return() must release EVERY in-flight next()"],"duration":6,"failureDetails":[],"failureMessages":[],"fullName":"D11: return() must release EVERY in-flight next() many in-flight next() calls are all released, and nothing is left in the queue","invocations":1,"location":null,"numPassingAsserts":4,"retryReasons":[],"status":"passed","title":"many in-flight next() calls are all released, and nothing is left in the queue"},{"ancestorTitles":["D11: return() must release EVERY in-flight next()"],"duration":1,"failureDetails":[],"failureMessages":[],"fullName":"D11: return() must release EVERY in-flight next() sequential for-await is unaffected — the ordinary path still drains in order","invocations":1,"location":null,"numPassingAsserts":2,"retryReasons":[],"status":"passed","title":"sequential for-await is unaffected — the ordinary path still drains in order"},{"ancestorTitles":["cancellation interacting with close()"],"duration":5,"failureDetails":[],"failureMessages":[],"fullName":"cancellation interacting with close() close() after every producer aborted returns an empty drop list","invocations":1,"location":null,"numPassingAsserts":2,"retryReasons":[],"status":"passed","title":"close() after every producer aborted returns an empty drop list"},{"ancestorTitles":["cancellation interacting with close()"],"duration":6,"failureDetails":[],"failureMessages":[],"fullName":"cancellation interacting with close() close() reports only the producers that were still live","invocations":1,"location":null,"numPassingAsserts":1,"retryReasons":[],"status":"passed","title":"close() reports only the producers that were still live"},{"ancestorTitles":["cancellation interacting with close()"],"duration":6,"failureDetails":[],"failureMessages":[],"fullName":"cancellation interacting with close() aborting AFTER close() settled the waiter is a no-op","invocations":1,"location":null,"numPassingAsserts":3,"retryReasons":[],"status":"passed","title":"aborting AFTER close() settled the waiter is a no-op"},{"ancestorTitles":["cancellation interacting with close()"],"duration":5,"failureDetails":[],"failureMessages":[],"fullName":"cancellation interacting with close() aborting a consumer AFTER close() released it is a no-op","invocations":1,"location":null,"numPassingAsserts":2,"retryReasons":[],"status":"passed","title":"aborting a consumer AFTER close() released it is a no-op"},{"ancestorTitles":["cancellation interacting with close()"],"duration":6,"failureDetails":[],"failureMessages":[],"fullName":"cancellation interacting with close() a consumer aborted before close() does not consume the end-of-stream signal","invocations":1,"location":null,"numPassingAsserts":3,"retryReasons":[],"status":"passed","title":"a consumer aborted before close() does not consume the end-of-stream signal"},{"ancestorTitles":["cancellation interacting with close()"],"duration":6,"failureDetails":[],"failureMessages":[],"fullName":"cancellation interacting with close() onDropped may abort another producer mid-close without corrupting the queue","invocations":1,"location":null,"numPassingAsserts":4,"retryReasons":[],"status":"passed","title":"onDropped may abort another producer mid-close without corrupting the queue"},{"ancestorTitles":["FIFO wake order under mixed producer/consumer cancellation"],"duration":10,"failureDetails":[],"failureMessages":[],"fullName":"FIFO wake order under mixed producer/consumer cancellation cancelled producers are skipped, survivors keep call order","invocations":1,"location":null,"numPassingAsserts":2,"retryReasons":[],"status":"passed","title":"cancelled producers are skipped, survivors keep call order"},{"ancestorTitles":["FIFO wake order under mixed producer/consumer cancellation"],"duration":33,"failureDetails":[],"failureMessages":[],"fullName":"FIFO wake order under mixed producer/consumer cancellation cancelled consumers are skipped, survivors keep arrival order","invocations":1,"location":null,"numPassingAsserts":3,"retryReasons":[],"status":"passed","title":"cancelled consumers are skipped, survivors keep arrival order"},{"ancestorTitles":["FIFO wake order under mixed producer/consumer cancellation"],"duration":6,"failureDetails":[],"failureMessages":[],"fullName":"FIFO wake order under mixed producer/consumer cancellation cancelling the HEAD of the producer queue does not stall the rest","invocations":1,"location":null,"numPassingAsserts":3,"retryReasons":[],"status":"passed","title":"cancelling the HEAD of the producer queue does not stall the rest"},{"ancestorTitles":["FIFO wake order under mixed producer/consumer cancellation"],"duration":2,"failureDetails":[],"failureMessages":[],"fullName":"FIFO wake order under mixed producer/consumer cancellation cancelling the TAIL of the consumer queue does not disturb the head","invocations":1,"location":null,"numPassingAsserts":1,"retryReasons":[],"status":"passed","title":"cancelling the TAIL of the consumer queue does not disturb the head"},{"ancestorTitles":["the DequeueResult type cannot collide with a user value"],"duration":1,"failureDetails":[],"failureMessages":[],"fullName":"the DequeueResult type cannot collide with a user value a payload shaped exactly like the end-of-stream sentinel is delivered as a payload","invocations":1,"location":null,"numPassingAsserts":3,"retryReasons":[],"status":"passed","title":"a payload shaped exactly like the end-of-stream sentinel is delivered as a payload"},{"ancestorTitles":["the DequeueResult type cannot collide with a user value"],"duration":0,"failureDetails":[],"failureMessages":[],"fullName":"the DequeueResult type cannot collide with a user value the FROZEN sentinel object itself round-trips as a payload","invocations":1,"location":null,"numPassingAsserts":2,"retryReasons":[],"status":"passed","title":"the FROZEN sentinel object itself round-trips as a payload"},{"ancestorTitles":["the DequeueResult type cannot collide with a user value"],"duration":1,"failureDetails":[],"failureMessages":[],"fullName":"the DequeueResult type cannot collide with a user value for-await yields sentinel-shaped payloads instead of terminating","invocations":1,"location":null,"numPassingAsserts":1,"retryReasons":[],"status":"passed","title":"for-await yields sentinel-shaped payloads instead of terminating"},{"ancestorTitles":["the DequeueResult type cannot collide with a user value"],"duration":1,"failureDetails":[],"failureMessages":[],"fullName":"the DequeueResult type cannot collide with a user value the shared end-of-stream result cannot be mutated by a caller","invocations":1,"location":null,"numPassingAsserts":3,"retryReasons":[],"status":"passed","title":"the shared end-of-stream result cannot be mutated by a caller"},{"ancestorTitles":["the DequeueResult type cannot collide with a user value"],"duration":1,"failureDetails":[],"failureMessages":[],"fullName":"the DequeueResult type cannot collide with a user value a handed-off item is never confused with end-of-stream, even when undefined","invocations":1,"location":null,"numPassingAsserts":2,"retryReasons":[],"status":"passed","title":"a handed-off item is never confused with end-of-stream, even when undefined"},{"ancestorTitles":["constructor validation boundaries"],"duration":0,"failureDetails":[],"failureMessages":[],"fullName":"constructor validation boundaries exactly 1 is the smallest accepted capacity","invocations":1,"location":null,"numPassingAsserts":3,"retryReasons":[],"status":"passed","title":"exactly 1 is the smallest accepted capacity"},{"ancestorTitles":["constructor validation boundaries"],"duration":28,"failureDetails":[],"failureMessages":[],"fullName":"constructor validation boundaries just below 1 is rejected","invocations":1,"location":null,"numPassingAsserts":5,"retryReasons":[],"status":"passed","title":"just below 1 is rejected"},{"ancestorTitles":["constructor validation boundaries"],"duration":0,"failureDetails":[],"failureMessages":[],"fullName":"constructor validation boundaries just above 1 rounds up rather than truncating below the request","invocations":1,"location":null,"numPassingAsserts":2,"retryReasons":[],"status":"passed","title":"just above 1 rounds up rather than truncating below the request"},{"ancestorTitles":["constructor validation boundaries"],"duration":0,"failureDetails":[],"failureMessages":[],"fullName":"constructor validation boundaries exactly 2^30 is accepted and is MAX_CAPACITY","invocations":1,"location":null,"numPassingAsserts":2,"retryReasons":[],"status":"passed","title":"exactly 2^30 is accepted and is MAX_CAPACITY"},{"ancestorTitles":["constructor validation boundaries"],"duration":0,"failureDetails":[],"failureMessages":[],"fullName":"constructor validation boundaries 2^30 + 1 clamps to 2^30 instead of throwing or corrupting the buffer","invocations":1,"location":null,"numPassingAsserts":1,"retryReasons":[],"status":"passed","title":"2^30 + 1 clamps to 2^30 instead of throwing or corrupting the buffer"},{"ancestorTitles":["constructor validation boundaries"],"duration":0,"failureDetails":[],"failureMessages":[],"fullName":"constructor validation boundaries 2^30 - 1 keeps its exact capacity","invocations":1,"location":null,"numPassingAsserts":1,"retryReasons":[],"status":"passed","title":"2^30 - 1 keeps its exact capacity"},{"ancestorTitles":["constructor validation boundaries"],"duration":1,"failureDetails":[],"failureMessages":[],"fullName":"constructor validation boundaries a 2^30 queue is still functionally a queue","invocations":1,"location":null,"numPassingAsserts":3,"retryReasons":[],"status":"passed","title":"a 2^30 queue is still functionally a queue"},{"ancestorTitles":["constructor validation boundaries"],"duration":1,"failureDetails":[],"failureMessages":[],"fullName":"constructor validation boundaries NaN and non-numbers are rejected with a TypeError","invocations":1,"location":null,"numPassingAsserts":5,"retryReasons":[],"status":"passed","title":"NaN and non-numbers are rejected with a TypeError"},{"ancestorTitles":["constructor validation boundaries"],"duration":0,"failureDetails":[],"failureMessages":[],"fullName":"constructor validation boundaries undefined falls back to the documented default of 1","invocations":1,"location":null,"numPassingAsserts":2,"retryReasons":[],"status":"passed","title":"undefined falls back to the documented default of 1"},{"ancestorTitles":["constructor validation boundaries"],"duration":5,"failureDetails":[],"failureMessages":[],"fullName":"constructor validation boundaries a capacity-1 queue enforces backpressure at exactly one item","invocations":1,"location":null,"numPassingAsserts":5,"retryReasons":[],"status":"passed","title":"a capacity-1 queue enforces backpressure at exactly one item"},{"ancestorTitles":["QueueClosedError identity survives the seams the packaging fix introduced"],"duration":1,"failureDetails":[],"failureMessages":[],"fullName":"QueueClosedError identity survives the seams the packaging fix introduced a subclass keeps exact instanceof semantics in both directions","invocations":1,"location":null,"numPassingAsserts":4,"retryReasons":[],"status":"passed","title":"a subclass keeps exact instanceof semantics in both directions"},{"ancestorTitles":["QueueClosedError identity survives the seams the packaging fix introduced"],"duration":0,"failureDetails":[],"failureMessages":[],"fullName":"QueueClosedError identity survives the seams the packaging fix introduced unrelated errors and plain objects are not mistaken for it","invocations":1,"location":null,"numPassingAsserts":4,"retryReasons":[],"status":"passed","title":"unrelated errors and plain objects are not mistaken for it"},{"ancestorTitles":["QueueClosedError identity survives the seams the packaging fix introduced"],"duration":0,"failureDetails":[],"failureMessages":[],"fullName":"QueueClosedError identity survives the seams the packaging fix introduced the branded check recognises an error from a separately-loaded copy","invocations":1,"location":null,"numPassingAsserts":1,"retryReasons":[],"status":"passed","title":"the branded check recognises an error from a separately-loaded copy"},{"ancestorTitles":["previously-correct behaviour has not regressed"],"duration":46,"failureDetails":[],"failureMessages":[],"fullName":"previously-correct behaviour has not regressed single-slot ping-pong stays ordered and complete over 20k items","invocations":1,"location":null,"numPassingAsserts":2,"retryReasons":[],"status":"passed","title":"single-slot ping-pong stays ordered and complete over 20k items"},{"ancestorTitles":["previously-correct behaviour has not regressed"],"duration":228,"failureDetails":[],"failureMessages":[],"fullName":"previously-correct behaviour has not regressed close()-race storm: no hang, no duplicate, no phantom drop","invocations":1,"location":null,"numPassingAsserts":1,"retryReasons":[],"status":"passed","title":"close()-race storm: no hang, no duplicate, no phantom drop"},{"ancestorTitles":["previously-correct behaviour has not regressed"],"duration":945,"failureDetails":[],"failureMessages":[],"fullName":"previously-correct behaviour has not regressed randomised producer/consumer rounds lose nothing and duplicate nothing","invocations":1,"location":null,"numPassingAsserts":1,"retryReasons":[],"status":"passed","title":"randomised producer/consumer rounds lose nothing and duplicate nothing"},{"ancestorTitles":["previously-correct behaviour has not regressed"],"duration":44,"failureDetails":[],"failureMessages":[],"fullName":"previously-correct behaviour has not regressed waiter lists do not retain a high-water mark after a burst","invocations":1,"location":null,"numPassingAsserts":3,"retryReasons":[],"status":"passed","title":"waiter lists do not retain a high-water mark after a burst"}],"endTime":1790311845723,"message":"","name":"/home/runner/work/async-queue-js/async-queue-js/test/adversarial3.test.ts","startTime":1790311842054,"status":"passed","summary":""},{"assertionResults":[{"ancestorTitles":["D9: nothing is retained after a burst of waiters"],"duration":43,"failureDetails":[],"failureMessages":[],"fullName":"D9: nothing is retained after a burst of waiters 10k transient producers leave no residue","invocations":1,"location":null,"numPassingAsserts":6,"retryReasons":[],"status":"passed","title":"10k transient producers leave no residue"},{"ancestorTitles":["D9: nothing is retained after a burst of waiters"],"duration":42,"failureDetails":[],"failureMessages":[],"fullName":"D9: nothing is retained after a burst of waiters 10k transient consumers leave no residue","invocations":1,"location":null,"numPassingAsserts":6,"retryReasons":[],"status":"passed","title":"10k transient consumers leave no residue"},{"ancestorTitles":["D9: nothing is retained after a burst of waiters"],"duration":39,"failureDetails":[],"failureMessages":[],"fullName":"D9: nothing is retained after a burst of waiters a second, smaller burst is not charged for the first one","invocations":1,"location":null,"numPassingAsserts":5,"retryReasons":[],"status":"passed","title":"a second, smaller burst is not charged for the first one"},{"ancestorTitles":["D9: nothing is retained after a burst of waiters"],"duration":12,"failureDetails":[],"failureMessages":[],"fullName":"D9: nothing is retained after a burst of waiters close() empties both lists","invocations":1,"location":null,"numPassingAsserts":4,"retryReasons":[],"status":"passed","title":"close() empties both lists"},{"ancestorTitles":["D9: the waiting counts are live counts, not ghost counts"],"duration":7,"failureDetails":[],"failureMessages":[],"fullName":"D9: the waiting counts are live counts, not ghost counts an aborted consumer stops being counted the moment it aborts","invocations":1,"location":null,"numPassingAsserts":8,"retryReasons":[],"status":"passed","title":"an aborted consumer stops being counted the moment it aborts"},{"ancestorTitles":["D9: the waiting counts are live counts, not ghost counts"],"duration":11,"failureDetails":[],"failureMessages":[],"fullName":"D9: the waiting counts are live counts, not ghost counts a released iterator stops being counted","invocations":1,"location":null,"numPassingAsserts":5,"retryReasons":[],"status":"passed","title":"a released iterator stops being counted"},{"ancestorTitles":["D9: the waiting counts are live counts, not ghost counts"],"duration":337,"failureDetails":[],"failureMessages":[],"fullName":"D9: the waiting counts are live counts, not ghost counts the count never over- or under-reports across a randomised workload","invocations":1,"location":null,"numPassingAsserts":330,"retryReasons":[],"status":"passed","title":"the count never over- or under-reports across a randomised workload"},{"ancestorTitles":["D9: aborting many waiters is O(1) each, not O(n) at the next pop"],"duration":236,"failureDetails":[],"failureMessages":[],"fullName":"D9: aborting many waiters is O(1) each, not O(n) at the next pop 20k cancelled producers do not have to be walked past to reach the survivor","invocations":1,"location":null,"numPassingAsserts":4,"retryReasons":[],"status":"passed","title":"20k cancelled producers do not have to be walked past to reach the survivor"}],"endTime":1790311846516,"message":"","name":"/home/runner/work/async-queue-js/async-queue-js/test/waiter-retention.test.ts","startTime":1790311845748,"status":"passed","summary":""},{"assertionResults":[{"ancestorTitles":["D5: waiters are woken FIFO"],"duration":10,"failureDetails":[],"failureMessages":[],"fullName":"D5: waiters are woken FIFO blocked producers deliver their items in call order","invocations":1,"location":null,"numPassingAsserts":2,"retryReasons":[],"status":"passed","title":"blocked producers deliver their items in call order"},{"ancestorTitles":["D5: waiters are woken FIFO"],"duration":11,"failureDetails":[],"failureMessages":[],"fullName":"D5: waiters are woken FIFO 100 blocked producers deliver in strict call order","invocations":1,"location":null,"numPassingAsserts":2,"retryReasons":[],"status":"passed","title":"100 blocked producers deliver in strict call order"},{"ancestorTitles":["D5: waiters are woken FIFO"],"duration":11,"failureDetails":[],"failureMessages":[],"fullName":"D5: waiters are woken FIFO 100 blocked consumers are served in strict arrival order","invocations":1,"location":null,"numPassingAsserts":2,"retryReasons":[],"status":"passed","title":"100 blocked consumers are served in strict arrival order"},{"ancestorTitles":["D5: waiters are woken FIFO"],"duration":5,"failureDetails":[],"failureMessages":[],"fullName":"D5: waiters are woken FIFO producers that block after a partial drain still keep global item order","invocations":1,"location":null,"numPassingAsserts":1,"retryReasons":[],"status":"passed","title":"producers that block after a partial drain still keep global item order"},{"ancestorTitles":["D6: FIFO wake removes producer starvation"],"duration":462,"failureDetails":[],"failureMessages":[],"fullName":"D6: FIFO wake removes producer starvation the first blocked producer is woken by the FIRST free slot, not the last","invocations":1,"location":null,"numPassingAsserts":1,"retryReasons":[],"status":"passed","title":"the first blocked producer is woken by the FIRST free slot, not the last"},{"ancestorTitles":["D6: FIFO wake removes producer starvation"],"duration":82,"failureDetails":[],"failureMessages":[],"fullName":"D6: FIFO wake removes producer starvation sustained contention cannot starve the earliest producer","invocations":1,"location":null,"numPassingAsserts":2,"retryReasons":[],"status":"passed","title":"sustained contention cannot starve the earliest producer"},{"ancestorTitles":["D6: FIFO wake removes producer starvation"],"duration":0,"failureDetails":[],"failureMessages":[],"fullName":"D6: FIFO wake removes producer starvation every one of 50 blocked producers eventually completes","invocations":1,"location":null,"numPassingAsserts":2,"retryReasons":[],"status":"passed","title":"every one of 50 blocked producers eventually completes"},{"ancestorTitles":["D5/D6: the FIFO wake is O(1) per waiter, not O(n)"],"duration":828,"failureDetails":[],"failureMessages":[],"fullName":"D5/D6: the FIFO wake is O(1) per waiter, not O(n) per-waiter wake cost is flat from 10k to 80k waiters","invocations":1,"location":null,"numPassingAsserts":1,"retryReasons":[],"status":"passed","title":"per-waiter wake cost is flat from 10k to 80k waiters"}],"endTime":1790311846522,"message":"","name":"/home/runner/work/async-queue-js/async-queue-js/test/fairness.test.ts","startTime":1790311845081,"status":"passed","summary":""},{"assertionResults":[{"ancestorTitles":["DEFECT: abandoned PRODUCER waiter still delivers its item later"],"duration":32,"failureDetails":[],"failureMessages":[],"fullName":"DEFECT: abandoned PRODUCER waiter still delivers its item later an aborted enqueue never inserts its item","invocations":1,"location":null,"numPassingAsserts":5,"retryReasons":[],"status":"passed","title":"an aborted enqueue never inserts its item"},{"ancestorTitles":["DEFECT: abandoned PRODUCER waiter still delivers its item later"],"duration":11,"failureDetails":[],"failureMessages":[],"fullName":"DEFECT: abandoned PRODUCER waiter still delivers its item later an aborted enqueue rejects with AbortError and does not consume a slot","invocations":1,"location":null,"numPassingAsserts":6,"retryReasons":[],"status":"passed","title":"an aborted enqueue rejects with AbortError and does not consume a slot"},{"ancestorTitles":["DEFECT: abandoned PRODUCER waiter still delivers its item later"],"duration":31,"failureDetails":[],"failureMessages":[],"fullName":"DEFECT: abandoned PRODUCER waiter still delivers its item later WITHOUT a signal, a blocked enqueue still inserts — that is backpressure, not a bug","invocations":1,"location":null,"numPassingAsserts":4,"retryReasons":[],"status":"passed","title":"WITHOUT a signal, a blocked enqueue still inserts — that is backpressure, not a bug"},{"ancestorTitles":["DEFECT: no cancellation — an abandoned async iterator cannot be released"],"duration":11,"failureDetails":[],"failureMessages":[],"fullName":"DEFECT: no cancellation — an abandoned async iterator cannot be released generator.return() while suspended in dequeue() releases immediately","invocations":1,"location":null,"numPassingAsserts":6,"retryReasons":[],"status":"passed","title":"generator.return() while suspended in dequeue() releases immediately"},{"ancestorTitles":["DEFECT: no cancellation — an abandoned async iterator cannot be released"],"duration":1,"failureDetails":[],"failureMessages":[],"fullName":"DEFECT: no cancellation — an abandoned async iterator cannot be released breaking out of for-await-of releases the waiter without closing the queue","invocations":1,"location":null,"numPassingAsserts":3,"retryReasons":[],"status":"passed","title":"breaking out of for-await-of releases the waiter without closing the queue"},{"ancestorTitles":["unhandled rejections left behind by close()"],"duration":56,"failureDetails":[],"failureMessages":[],"fullName":"unhandled rejections left behind by close() close() rejects every blocked producer; unattached ones become unhandled rejections","invocations":1,"location":null,"numPassingAsserts":2,"retryReasons":[],"status":"passed","title":"close() rejects every blocked producer; unattached ones become unhandled rejections"},{"ancestorTitles":["harder lost-wakeup / close-race hunt"],"duration":129,"failureDetails":[],"failureMessages":[],"fullName":"harder lost-wakeup / close-race hunt close() racing blocked producers and waiting consumers: no hang, no double delivery","invocations":1,"location":null,"numPassingAsserts":120,"retryReasons":[],"status":"passed","title":"close() racing blocked producers and waiting consumers: no hang, no double delivery"},{"ancestorTitles":["harder lost-wakeup / close-race hunt"],"duration":18,"failureDetails":[],"failureMessages":[],"fullName":"harder lost-wakeup / close-race hunt single-slot ping-pong with interleaved close never loses a wakeup","invocations":1,"location":null,"numPassingAsserts":400,"retryReasons":[],"status":"passed","title":"single-slot ping-pong with interleaved close never loses a wakeup"},{"ancestorTitles":["misc API edges"],"duration":1,"failureDetails":[],"failureMessages":[],"fullName":"misc API edges take(n) with a negative n","invocations":1,"location":null,"numPassingAsserts":1,"retryReasons":[],"status":"passed","title":"take(n) with a negative n"},{"ancestorTitles":["misc API edges"],"duration":1,"failureDetails":[],"failureMessages":[],"fullName":"misc API edges isFull/isEmpty/size stay consistent with the buffer under wraparound","invocations":1,"location":null,"numPassingAsserts":50,"retryReasons":[],"status":"passed","title":"isFull/isEmpty/size stay consistent with the buffer under wraparound"},{"ancestorTitles":["misc API edges"],"duration":0,"failureDetails":[],"failureMessages":[],"fullName":"misc API edges capacity reports maxSize but the queue silently reserves the next power of two","invocations":1,"location":null,"numPassingAsserts":2,"retryReasons":[],"status":"passed","title":"capacity reports maxSize but the queue silently reserves the next power of two"}],"endTime":1790311846855,"message":"","name":"/home/runner/work/async-queue-js/async-queue-js/test/adversarial2.test.ts","startTime":1790311846533,"status":"passed","summary":""},{"assertionResults":[{"ancestorTitles":["AsyncQueue","Basic Operations"],"duration":1,"failureDetails":[],"failureMessages":[],"fullName":"AsyncQueue Basic Operations should enqueue and dequeue items in FIFO order","invocations":1,"location":null,"numPassingAsserts":2,"retryReasons":[],"status":"passed","title":"should enqueue and dequeue items in FIFO order"},{"ancestorTitles":["AsyncQueue","Basic Operations"],"duration":1,"failureDetails":[],"failureMessages":[],"fullName":"AsyncQueue Basic Operations should work with default maxSize of 1","invocations":1,"location":null,"numPassingAsserts":2,"retryReasons":[],"status":"passed","title":"should work with default maxSize of 1"},{"ancestorTitles":["AsyncQueue","Basic Operations"],"duration":0,"failureDetails":[],"failureMessages":[],"fullName":"AsyncQueue Basic Operations should handle concurrent enqueue with maxSize=1","invocations":1,"location":null,"numPassingAsserts":2,"retryReasons":[],"status":"passed","title":"should handle concurrent enqueue with maxSize=1"},{"ancestorTitles":["AsyncQueue","Basic Operations"],"duration":31,"failureDetails":[],"failureMessages":[],"fullName":"AsyncQueue Basic Operations should throw error for invalid maxSize","invocations":1,"location":null,"numPassingAsserts":2,"retryReasons":[],"status":"passed","title":"should throw error for invalid maxSize"},{"ancestorTitles":["AsyncQueue","Blocking Behavior"],"duration":11,"failureDetails":[],"failureMessages":[],"fullName":"AsyncQueue Blocking Behavior should block dequeue when queue is empty","invocations":1,"location":null,"numPassingAsserts":3,"retryReasons":[],"status":"passed","title":"should block dequeue when queue is empty"},{"ancestorTitles":["AsyncQueue","Blocking Behavior"],"duration":11,"failureDetails":[],"failureMessages":[],"fullName":"AsyncQueue Blocking Behavior should block enqueue when queue is full","invocations":1,"location":null,"numPassingAsserts":2,"retryReasons":[],"status":"passed","title":"should block enqueue when queue is full"},{"ancestorTitles":["AsyncQueue","Queue Closing"],"duration":0,"failureDetails":[],"failureMessages":[],"fullName":"AsyncQueue Queue Closing should return undefined after close","invocations":1,"location":null,"numPassingAsserts":3,"retryReasons":[],"status":"passed","title":"should return undefined after close"},{"ancestorTitles":["AsyncQueue","Queue Closing"],"duration":1,"failureDetails":[],"failureMessages":[],"fullName":"AsyncQueue Queue Closing should throw error when enqueue after close","invocations":1,"location":null,"numPassingAsserts":1,"retryReasons":[],"status":"passed","title":"should throw error when enqueue after close"},{"ancestorTitles":["AsyncQueue","Queue Closing"],"duration":0,"failureDetails":[],"failureMessages":[],"fullName":"AsyncQueue Queue Closing should throw error when producer is waiting and queue is closed","invocations":1,"location":null,"numPassingAsserts":1,"retryReasons":[],"status":"passed","title":"should throw error when producer is waiting and queue is closed"},{"ancestorTitles":["AsyncQueue","Queue Closing"],"duration":11,"failureDetails":[],"failureMessages":[],"fullName":"AsyncQueue Queue Closing should release waiting consumers on close","invocations":1,"location":null,"numPassingAsserts":2,"retryReasons":[],"status":"passed","title":"should release waiting consumers on close"},{"ancestorTitles":["AsyncQueue","Queue Closing"],"duration":0,"failureDetails":[],"failureMessages":[],"fullName":"AsyncQueue Queue Closing should correctly report closed state","invocations":1,"location":null,"numPassingAsserts":3,"retryReasons":[],"status":"passed","title":"should correctly report closed state"},{"ancestorTitles":["AsyncQueue","Producer-Consumer Pattern"],"duration":0,"failureDetails":[],"failureMessages":[],"fullName":"AsyncQueue Producer-Consumer Pattern should handle single producer and consumer","invocations":1,"location":null,"numPassingAsserts":3,"retryReasons":[],"status":"passed","title":"should handle single producer and consumer"},{"ancestorTitles":["AsyncQueue","Producer-Consumer Pattern"],"duration":10,"failureDetails":[],"failureMessages":[],"fullName":"AsyncQueue Producer-Consumer Pattern should handle multiple consumers","invocations":1,"location":null,"numPassingAsserts":2,"retryReasons":[],"status":"passed","title":"should handle multiple consumers"},{"ancestorTitles":["AsyncQueue","Producer-Consumer Pattern"],"duration":12,"failureDetails":[],"failureMessages":[],"fullName":"AsyncQueue Producer-Consumer Pattern should handle multiple producers","invocations":1,"location":null,"numPassingAsserts":7,"retryReasons":[],"status":"passed","title":"should handle multiple producers"},{"ancestorTitles":["AsyncQueue","Edge Cases"],"duration":1,"failureDetails":[],"failureMessages":[],"fullName":"AsyncQueue Edge Cases should handle rapid enqueue/dequeue cycles","invocations":1,"location":null,"numPassingAsserts":2,"retryReasons":[],"status":"passed","title":"should handle rapid enqueue/dequeue cycles"},{"ancestorTitles":["AsyncQueue","Edge Cases"],"duration":0,"failureDetails":[],"failureMessages":[],"fullName":"AsyncQueue Edge Cases should handle zero items after close","invocations":1,"location":null,"numPassingAsserts":2,"retryReasons":[],"status":"passed","title":"should handle zero items after close"},{"ancestorTitles":["AsyncQueue","Edge Cases"],"duration":0,"failureDetails":[],"failureMessages":[],"fullName":"AsyncQueue Edge Cases should maintain order with concurrent operations","invocations":1,"location":null,"numPassingAsserts":2,"retryReasons":[],"status":"passed","title":"should maintain order with concurrent operations"},{"ancestorTitles":["AsyncQueue","Type Safety"],"duration":1,"failureDetails":[],"failureMessages":[],"fullName":"AsyncQueue Type Safety should handle different data types","invocations":1,"location":null,"numPassingAsserts":5,"retryReasons":[],"status":"passed","title":"should handle different data types"},{"ancestorTitles":["AsyncQueue","Type Safety"],"duration":0,"failureDetails":[],"failureMessages":[],"fullName":"AsyncQueue Type Safety should enforce type safety with generics","invocations":1,"location":null,"numPassingAsserts":4,"retryReasons":[],"status":"passed","title":"should enforce type safety with generics"},{"ancestorTitles":["AsyncQueue","Queue Properties"],"duration":1,"failureDetails":[],"failureMessages":[],"fullName":"AsyncQueue Queue Properties should report size correctly","invocations":1,"location":null,"numPassingAsserts":11,"retryReasons":[],"status":"passed","title":"should report size correctly"},{"ancestorTitles":["AsyncQueue","Queue Properties"],"duration":0,"failureDetails":[],"failureMessages":[],"fullName":"AsyncQueue Queue Properties should report capacity correctly","invocations":1,"location":null,"numPassingAsserts":3,"retryReasons":[],"status":"passed","title":"should report capacity correctly"},{"ancestorTitles":["AsyncQueue","Queue Properties"],"duration":21,"failureDetails":[],"failureMessages":[],"fullName":"AsyncQueue Queue Properties should track waiting producers and consumers","invocations":1,"location":null,"numPassingAsserts":2,"retryReasons":[],"status":"passed","title":"should track waiting producers and consumers"}],"endTime":1790311847015,"message":"","name":"/home/runner/work/async-queue-js/async-queue-js/test/async-queue.test.ts","startTime":1790311846871,"status":"passed","summary":""},{"assertionResults":[{"ancestorTitles":["D1: close() must not produce unhandled rejections"],"duration":58,"failureDetails":[],"failureMessages":[],"fullName":"D1: close() must not produce unhandled rejections a fire-and-forget producer rejected by close() is not reported globally","invocations":1,"location":null,"numPassingAsserts":2,"retryReasons":[],"status":"passed","title":"a fire-and-forget producer rejected by close() is not reported globally"},{"ancestorTitles":["D1: close() must not produce unhandled rejections"],"duration":50,"failureDetails":[],"failureMessages":[],"fullName":"D1: close() must not produce unhandled rejections a fire-and-forget enqueue on an already-closed queue is not reported globally","invocations":1,"location":null,"numPassingAsserts":1,"retryReasons":[],"status":"passed","title":"a fire-and-forget enqueue on an already-closed queue is not reported globally"},{"ancestorTitles":["D1: close() must not produce unhandled rejections"],"duration":31,"failureDetails":[],"failureMessages":[],"fullName":"D1: close() must not produce unhandled rejections suppression does not consume the rejection: awaiting callers still see it","invocations":1,"location":null,"numPassingAsserts":2,"retryReasons":[],"status":"passed","title":"suppression does not consume the rejection: awaiting callers still see it"},{"ancestorTitles":["D1: close() must not produce unhandled rejections"],"duration":16,"failureDetails":[],"failureMessages":[],"fullName":"D1: close() must not produce unhandled rejections onDropped observes every dropped item with its error","invocations":1,"location":null,"numPassingAsserts":4,"retryReasons":[],"status":"passed","title":"onDropped observes every dropped item with its error"},{"ancestorTitles":["D1: close() must not produce unhandled rejections"],"duration":23,"failureDetails":[],"failureMessages":[],"fullName":"D1: close() must not produce unhandled rejections a throwing onDropped hook is contained, not propagated","invocations":1,"location":null,"numPassingAsserts":4,"retryReasons":[],"status":"passed","title":"a throwing onDropped hook is contained, not propagated"},{"ancestorTitles":["D2: undefined must not double as the end-of-stream sentinel"],"duration":0,"failureDetails":[],"failureMessages":[],"fullName":"D2: undefined must not double as the end-of-stream sentinel dequeueResult() separates a real undefined payload from end of stream","invocations":1,"location":null,"numPassingAsserts":4,"retryReasons":[],"status":"passed","title":"dequeueResult() separates a real undefined payload from end of stream"},{"ancestorTitles":["D2: undefined must not double as the end-of-stream sentinel"],"duration":1,"failureDetails":[],"failureMessages":[],"fullName":"D2: undefined must not double as the end-of-stream sentinel an all-undefined stream survives every consumer entry point","invocations":1,"location":null,"numPassingAsserts":5,"retryReasons":[],"status":"passed","title":"an all-undefined stream survives every consumer entry point"},{"ancestorTitles":["D2: undefined must not double as the end-of-stream sentinel"],"duration":1,"failureDetails":[],"failureMessages":[],"fullName":"D2: undefined must not double as the end-of-stream sentinel undefined payloads interleaved with real ones keep their positions","invocations":1,"location":null,"numPassingAsserts":1,"retryReasons":[],"status":"passed","title":"undefined payloads interleaved with real ones keep their positions"},{"ancestorTitles":["D2: undefined must not double as the end-of-stream sentinel"],"duration":10,"failureDetails":[],"failureMessages":[],"fullName":"D2: undefined must not double as the end-of-stream sentinel dequeueResult() blocks like dequeue() and resolves done on close","invocations":1,"location":null,"numPassingAsserts":3,"retryReasons":[],"status":"passed","title":"dequeueResult() blocks like dequeue() and resolves done on close"},{"ancestorTitles":["D2: undefined must not double as the end-of-stream sentinel"],"duration":1,"failureDetails":[],"failureMessages":[],"fullName":"D2: undefined must not double as the end-of-stream sentinel dequeue() keeps its old ambiguous signature for existing callers","invocations":1,"location":null,"numPassingAsserts":2,"retryReasons":[],"status":"passed","title":"dequeue() keeps its old ambiguous signature for existing callers"},{"ancestorTitles":["D3: cancellation — a cancelled waiter neither consumes a wake nor inserts"],"duration":7,"failureDetails":[],"failureMessages":[],"fullName":"D3: cancellation — a cancelled waiter neither consumes a wake nor inserts a cancelled consumer does not absorb the next item","invocations":1,"location":null,"numPassingAsserts":5,"retryReasons":[],"status":"passed","title":"a cancelled consumer does not absorb the next item"},{"ancestorTitles":["D3: cancellation — a cancelled waiter neither consumes a wake nor inserts"],"duration":4,"failureDetails":[],"failureMessages":[],"fullName":"D3: cancellation — a cancelled waiter neither consumes a wake nor inserts a cancelled consumer in the MIDDLE of the queue is skipped","invocations":1,"location":null,"numPassingAsserts":6,"retryReasons":[],"status":"passed","title":"a cancelled consumer in the MIDDLE of the queue is skipped"},{"ancestorTitles":["D3: cancellation — a cancelled waiter neither consumes a wake nor inserts"],"duration":7,"failureDetails":[],"failureMessages":[],"fullName":"D3: cancellation — a cancelled waiter neither consumes a wake nor inserts a cancelled producer never inserts its item","invocations":1,"location":null,"numPassingAsserts":6,"retryReasons":[],"status":"passed","title":"a cancelled producer never inserts its item"},{"ancestorTitles":["D3: cancellation — a cancelled waiter neither consumes a wake nor inserts"],"duration":2,"failureDetails":[],"failureMessages":[],"fullName":"D3: cancellation — a cancelled waiter neither consumes a wake nor inserts an already-aborted signal rejects without ever registering a waiter","invocations":1,"location":null,"numPassingAsserts":5,"retryReasons":[],"status":"passed","title":"an already-aborted signal rejects without ever registering a waiter"},{"ancestorTitles":["D3: cancellation — a cancelled waiter neither consumes a wake nor inserts"],"duration":0,"failureDetails":[],"failureMessages":[],"fullName":"D3: cancellation — a cancelled waiter neither consumes a wake nor inserts a signal is only consulted when the call actually has to block","invocations":1,"location":null,"numPassingAsserts":2,"retryReasons":[],"status":"passed","title":"a signal is only consulted when the call actually has to block"},{"ancestorTitles":["D3: cancellation — a cancelled waiter neither consumes a wake nor inserts"],"duration":1,"failureDetails":[],"failureMessages":[],"fullName":"D3: cancellation — a cancelled waiter neither consumes a wake nor inserts signal.reason is used as the rejection reason when present","invocations":1,"location":null,"numPassingAsserts":1,"retryReasons":[],"status":"passed","title":"signal.reason is used as the rejection reason when present"},{"ancestorTitles":["D3: cancellation — a cancelled waiter neither consumes a wake nor inserts"],"duration":7,"failureDetails":[],"failureMessages":[],"fullName":"D3: cancellation — a cancelled waiter neither consumes a wake nor inserts aborting after the call already settled is a no-op","invocations":1,"location":null,"numPassingAsserts":4,"retryReasons":[],"status":"passed","title":"aborting after the call already settled is a no-op"},{"ancestorTitles":["D3: cancellation — a cancelled waiter neither consumes a wake nor inserts"],"duration":2,"failureDetails":[],"failureMessages":[],"fullName":"D3: cancellation — a cancelled waiter neither consumes a wake nor inserts dequeueResult() honours the same signal contract","invocations":1,"location":null,"numPassingAsserts":2,"retryReasons":[],"status":"passed","title":"dequeueResult() honours the same signal contract"},{"ancestorTitles":["D5/D6: FIFO across blocked producers and consumers"],"duration":14,"failureDetails":[],"failureMessages":[],"fullName":"D5/D6: FIFO across blocked producers and consumers blocked producers are woken in call order","invocations":1,"location":null,"numPassingAsserts":2,"retryReasons":[],"status":"passed","title":"blocked producers are woken in call order"},{"ancestorTitles":["D5/D6: FIFO across blocked producers and consumers"],"duration":6,"failureDetails":[],"failureMessages":[],"fullName":"D5/D6: FIFO across blocked producers and consumers waiting consumers are served in call order","invocations":1,"location":null,"numPassingAsserts":3,"retryReasons":[],"status":"passed","title":"waiting consumers are served in call order"},{"ancestorTitles":["D5/D6: FIFO across blocked producers and consumers"],"duration":210,"failureDetails":[],"failureMessages":[],"fullName":"D5/D6: FIFO across blocked producers and consumers the earliest blocked producer is not starved by later arrivals","invocations":1,"location":null,"numPassingAsserts":1,"retryReasons":[],"status":"passed","title":"the earliest blocked producer is not starved by later arrivals"},{"ancestorTitles":["direct handoff"],"duration":1,"failureDetails":[],"failureMessages":[],"fullName":"direct handoff an item goes straight to a waiting consumer without touching the buffer","invocations":1,"location":null,"numPassingAsserts":3,"retryReasons":[],"status":"passed","title":"an item goes straight to a waiting consumer without touching the buffer"},{"ancestorTitles":["direct handoff"],"duration":11,"failureDetails":[],"failureMessages":[],"fullName":"direct handoff handoff still respects capacity for the buffered path","invocations":1,"location":null,"numPassingAsserts":5,"retryReasons":[],"status":"passed","title":"handoff still respects capacity for the buffered path"}],"endTime":1790311847024,"message":"","name":"/home/runner/work/async-queue-js/async-queue-js/test/regression.test.ts","startTime":1790311846527,"status":"passed","summary":""},{"assertionResults":[{"ancestorTitles":["AsyncQueue Iterator","Symbol.asyncIterator"],"duration":4,"failureDetails":[],"failureMessages":[],"fullName":"AsyncQueue Iterator Symbol.asyncIterator should iterate through all items with for-await-of","invocations":1,"location":null,"numPassingAsserts":1,"retryReasons":[],"status":"passed","title":"should iterate through all items with for-await-of"},{"ancestorTitles":["AsyncQueue Iterator","Symbol.asyncIterator"],"duration":2,"failureDetails":[],"failureMessages":[],"fullName":"AsyncQueue Iterator Symbol.asyncIterator should handle concurrent producers and iterator consumer","invocations":1,"location":null,"numPassingAsserts":2,"retryReasons":[],"status":"passed","title":"should handle concurrent producers and iterator consumer"},{"ancestorTitles":["AsyncQueue Iterator","Symbol.asyncIterator"],"duration":0,"failureDetails":[],"failureMessages":[],"fullName":"AsyncQueue Iterator Symbol.asyncIterator should stop iteration when queue is closed and empty","invocations":1,"location":null,"numPassingAsserts":2,"retryReasons":[],"status":"passed","title":"should stop iteration when queue is closed and empty"},{"ancestorTitles":["AsyncQueue Iterator","Symbol.asyncIterator"],"duration":11,"failureDetails":[],"failureMessages":[],"fullName":"AsyncQueue Iterator Symbol.asyncIterator should handle empty queue that gets closed","invocations":1,"location":null,"numPassingAsserts":1,"retryReasons":[],"status":"passed","title":"should handle empty queue that gets closed"},{"ancestorTitles":["AsyncQueue Iterator","Symbol.asyncIterator"],"duration":1,"failureDetails":[],"failureMessages":[],"fullName":"AsyncQueue Iterator Symbol.asyncIterator should allow multiple iterators on the same queue","invocations":1,"location":null,"numPassingAsserts":2,"retryReasons":[],"status":"passed","title":"should allow multiple iterators on the same queue"},{"ancestorTitles":["AsyncQueue Iterator","iterate()"],"duration":0,"failureDetails":[],"failureMessages":[],"fullName":"AsyncQueue Iterator iterate() should provide an iterable interface","invocations":1,"location":null,"numPassingAsserts":1,"retryReasons":[],"status":"passed","title":"should provide an iterable interface"},{"ancestorTitles":["AsyncQueue Iterator","iterate()"],"duration":0,"failureDetails":[],"failureMessages":[],"fullName":"AsyncQueue Iterator iterate() should work with async generator transformations","invocations":1,"location":null,"numPassingAsserts":1,"retryReasons":[],"status":"passed","title":"should work with async generator transformations"},{"ancestorTitles":["AsyncQueue Iterator","toAsyncGenerator()"],"duration":0,"failureDetails":[],"failureMessages":[],"fullName":"AsyncQueue Iterator toAsyncGenerator() should convert queue to async generator","invocations":1,"location":null,"numPassingAsserts":1,"retryReasons":[],"status":"passed","title":"should convert queue to async generator"},{"ancestorTitles":["AsyncQueue Iterator","toAsyncGenerator()"],"duration":0,"failureDetails":[],"failureMessages":[],"fullName":"AsyncQueue Iterator toAsyncGenerator() should work in generator pipelines","invocations":1,"location":null,"numPassingAsserts":1,"retryReasons":[],"status":"passed","title":"should work in generator pipelines"},{"ancestorTitles":["AsyncQueue Iterator","drain()"],"duration":1,"failureDetails":[],"failureMessages":[],"fullName":"AsyncQueue Iterator drain() should drain all items into an array","invocations":1,"location":null,"numPassingAsserts":1,"retryReasons":[],"status":"passed","title":"should drain all items into an array"},{"ancestorTitles":["AsyncQueue Iterator","drain()"],"duration":0,"failureDetails":[],"failureMessages":[],"fullName":"AsyncQueue Iterator drain() should return empty array for closed empty queue","invocations":1,"location":null,"numPassingAsserts":1,"retryReasons":[],"status":"passed","title":"should return empty array for closed empty queue"},{"ancestorTitles":["AsyncQueue Iterator","drain()"],"duration":10,"failureDetails":[],"failureMessages":[],"fullName":"AsyncQueue Iterator drain() should wait for items before draining","invocations":1,"location":null,"numPassingAsserts":1,"retryReasons":[],"status":"passed","title":"should wait for items before draining"},{"ancestorTitles":["AsyncQueue Iterator","take()"],"duration":1,"failureDetails":[],"failureMessages":[],"fullName":"AsyncQueue Iterator take() should take exactly n items","invocations":1,"location":null,"numPassingAsserts":2,"retryReasons":[],"status":"passed","title":"should take exactly n items"},{"ancestorTitles":["AsyncQueue Iterator","take()"],"duration":0,"failureDetails":[],"failureMessages":[],"fullName":"AsyncQueue Iterator take() should return fewer items if queue closes early","invocations":1,"location":null,"numPassingAsserts":1,"retryReasons":[],"status":"passed","title":"should return fewer items if queue closes early"},{"ancestorTitles":["AsyncQueue Iterator","take()"],"duration":0,"failureDetails":[],"failureMessages":[],"fullName":"AsyncQueue Iterator take() should handle take(0)","invocations":1,"location":null,"numPassingAsserts":1,"retryReasons":[],"status":"passed","title":"should handle take(0)"},{"ancestorTitles":["AsyncQueue Iterator","take()"],"duration":1,"failureDetails":[],"failureMessages":[],"fullName":"AsyncQueue Iterator take() should stop taking when queue becomes empty after close","invocations":1,"location":null,"numPassingAsserts":3,"retryReasons":[],"status":"passed","title":"should stop taking when queue becomes empty after close"},{"ancestorTitles":["AsyncQueue Iterator","take()"],"duration":10,"failureDetails":[],"failureMessages":[],"fullName":"AsyncQueue Iterator take() should stop taking when queue closes during take operation","invocations":1,"location":null,"numPassingAsserts":2,"retryReasons":[],"status":"passed","title":"should stop taking when queue closes during take operation"},{"ancestorTitles":["AsyncQueue Iterator","take()"],"duration":11,"failureDetails":[],"failureMessages":[],"fullName":"AsyncQueue Iterator take() should work with concurrent producers","invocations":1,"location":null,"numPassingAsserts":1,"retryReasons":[],"status":"passed","title":"should work with concurrent producers"},{"ancestorTitles":["AsyncQueue Iterator","Type safety"],"duration":0,"failureDetails":[],"failureMessages":[],"fullName":"AsyncQueue Iterator Type safety should maintain type safety through iteration","invocations":1,"location":null,"numPassingAsserts":5,"retryReasons":[],"status":"passed","title":"should maintain type safety through iteration"},{"ancestorTitles":["AsyncQueue Iterator","Performance"],"duration":36,"failureDetails":[],"failureMessages":[],"fullName":"AsyncQueue Iterator Performance should efficiently handle large iteration","invocations":1,"location":null,"numPassingAsserts":2,"retryReasons":[],"status":"passed","title":"should efficiently handle large iteration"}],"endTime":1790311847162,"message":"","name":"/home/runner/work/async-queue-js/async-queue-js/test/async-iterator.test.ts","startTime":1790311847039,"status":"passed","summary":""},{"assertionResults":[{"ancestorTitles":["D7: [Symbol.asyncIterator]() releases a parked consumer"],"duration":12,"failureDetails":[],"failureMessages":[],"fullName":"D7: [Symbol.asyncIterator]() releases a parked consumer return() settles immediately and leaves no waiter behind","invocations":1,"location":null,"numPassingAsserts":5,"retryReasons":[],"status":"passed","title":"return() settles immediately and leaves no waiter behind"},{"ancestorTitles":["D7: [Symbol.asyncIterator]() releases a parked consumer"],"duration":5,"failureDetails":[],"failureMessages":[],"fullName":"D7: [Symbol.asyncIterator]() releases a parked consumer the abandoned next() resolves as end-of-iteration rather than rejecting","invocations":1,"location":null,"numPassingAsserts":1,"retryReasons":[],"status":"passed","title":"the abandoned next() resolves as end-of-iteration rather than rejecting"},{"ancestorTitles":["D7: [Symbol.asyncIterator]() releases a parked consumer"],"duration":6,"failureDetails":[],"failureMessages":[],"fullName":"D7: [Symbol.asyncIterator]() releases a parked consumer return() reports the value it was given, and next() afterwards is done","invocations":1,"location":null,"numPassingAsserts":2,"retryReasons":[],"status":"passed","title":"return() reports the value it was given, and next() afterwards is done"},{"ancestorTitles":["D7: [Symbol.asyncIterator]() releases a parked consumer"],"duration":10,"failureDetails":[],"failureMessages":[],"fullName":"D7: [Symbol.asyncIterator]() releases a parked consumer throw() settles (as a rejection) instead of hanging, and releases the waiter","invocations":1,"location":null,"numPassingAsserts":3,"retryReasons":[],"status":"passed","title":"throw() settles (as a rejection) instead of hanging, and releases the waiter"},{"ancestorTitles":["D7: [Symbol.asyncIterator]() releases a parked consumer"],"duration":5,"failureDetails":[],"failureMessages":[],"fullName":"D7: [Symbol.asyncIterator]() releases a parked consumer plain break out of for-await still works and still leaves no waiter","invocations":1,"location":null,"numPassingAsserts":5,"retryReasons":[],"status":"passed","title":"plain break out of for-await still works and still leaves no waiter"},{"ancestorTitles":["D7: iterate() releases a parked consumer"],"duration":11,"failureDetails":[],"failureMessages":[],"fullName":"D7: iterate() releases a parked consumer return() settles immediately and leaves no waiter behind","invocations":1,"location":null,"numPassingAsserts":5,"retryReasons":[],"status":"passed","title":"return() settles immediately and leaves no waiter behind"},{"ancestorTitles":["D7: iterate() releases a parked consumer"],"duration":6,"failureDetails":[],"failureMessages":[],"fullName":"D7: iterate() releases a parked consumer the abandoned next() resolves as end-of-iteration rather than rejecting","invocations":1,"location":null,"numPassingAsserts":1,"retryReasons":[],"status":"passed","title":"the abandoned next() resolves as end-of-iteration rather than rejecting"},{"ancestorTitles":["D7: iterate() releases a parked consumer"],"duration":5,"failureDetails":[],"failureMessages":[],"fullName":"D7: iterate() releases a parked consumer return() reports the value it was given, and next() afterwards is done","invocations":1,"location":null,"numPassingAsserts":2,"retryReasons":[],"status":"passed","title":"return() reports the value it was given, and next() afterwards is done"},{"ancestorTitles":["D7: iterate() releases a parked consumer"],"duration":11,"failureDetails":[],"failureMessages":[],"fullName":"D7: iterate() releases a parked consumer throw() settles (as a rejection) instead of hanging, and releases the waiter","invocations":1,"location":null,"numPassingAsserts":3,"retryReasons":[],"status":"passed","title":"throw() settles (as a rejection) instead of hanging, and releases the waiter"},{"ancestorTitles":["D7: iterate() releases a parked consumer"],"duration":6,"failureDetails":[],"failureMessages":[],"fullName":"D7: iterate() releases a parked consumer plain break out of for-await still works and still leaves no waiter","invocations":1,"location":null,"numPassingAsserts":5,"retryReasons":[],"status":"passed","title":"plain break out of for-await still works and still leaves no waiter"},{"ancestorTitles":["D7: toAsyncGenerator() releases a parked consumer"],"duration":11,"failureDetails":[],"failureMessages":[],"fullName":"D7: toAsyncGenerator() releases a parked consumer return() settles immediately and leaves no waiter behind","invocations":1,"location":null,"numPassingAsserts":5,"retryReasons":[],"status":"passed","title":"return() settles immediately and leaves no waiter behind"},{"ancestorTitles":["D7: toAsyncGenerator() releases a parked consumer"],"duration":5,"failureDetails":[],"failureMessages":[],"fullName":"D7: toAsyncGenerator() releases a parked consumer the abandoned next() resolves as end-of-iteration rather than rejecting","invocations":1,"location":null,"numPassingAsserts":1,"retryReasons":[],"status":"passed","title":"the abandoned next() resolves as end-of-iteration rather than rejecting"},{"ancestorTitles":["D7: toAsyncGenerator() releases a parked consumer"],"duration":6,"failureDetails":[],"failureMessages":[],"fullName":"D7: toAsyncGenerator() releases a parked consumer return() reports the value it was given, and next() afterwards is done","invocations":1,"location":null,"numPassingAsserts":2,"retryReasons":[],"status":"passed","title":"return() reports the value it was given, and next() afterwards is done"},{"ancestorTitles":["D7: toAsyncGenerator() releases a parked consumer"],"duration":11,"failureDetails":[],"failureMessages":[],"fullName":"D7: toAsyncGenerator() releases a parked consumer throw() settles (as a rejection) instead of hanging, and releases the waiter","invocations":1,"location":null,"numPassingAsserts":3,"retryReasons":[],"status":"passed","title":"throw() settles (as a rejection) instead of hanging, and releases the waiter"},{"ancestorTitles":["D7: toAsyncGenerator() releases a parked consumer"],"duration":5,"failureDetails":[],"failureMessages":[],"fullName":"D7: toAsyncGenerator() releases a parked consumer plain break out of for-await still works and still leaves no waiter","invocations":1,"location":null,"numPassingAsserts":5,"retryReasons":[],"status":"passed","title":"plain break out of for-await still works and still leaves no waiter"},{"ancestorTitles":["D7: worker-pool teardown"],"duration":22,"failureDetails":[],"failureMessages":[],"fullName":"D7: worker-pool teardown a pool of parked workers tears down without closing the shared queue","invocations":1,"location":null,"numPassingAsserts":5,"retryReasons":[],"status":"passed","title":"a pool of parked workers tears down without closing the shared queue"},{"ancestorTitles":["D7: worker-pool teardown"],"duration":26,"failureDetails":[],"failureMessages":[],"fullName":"D7: worker-pool teardown tearing down half a pool leaves the other half working, in order","invocations":1,"location":null,"numPassingAsserts":9,"retryReasons":[],"status":"passed","title":"tearing down half a pool leaves the other half working, in order"},{"ancestorTitles":["D7: toAsyncGenerator() keeps generator semantics"],"duration":1,"failureDetails":[],"failureMessages":[],"fullName":"D7: toAsyncGenerator() keeps generator semantics still drives a transformation pipeline","invocations":1,"location":null,"numPassingAsserts":1,"retryReasons":[],"status":"passed","title":"still drives a transformation pipeline"},{"ancestorTitles":["D7: toAsyncGenerator() keeps generator semantics"],"duration":0,"failureDetails":[],"failureMessages":[],"fullName":"D7: toAsyncGenerator() keeps generator semantics return() awaits a thenable argument, as a real generator does","invocations":1,"location":null,"numPassingAsserts":1,"retryReasons":[],"status":"passed","title":"return() awaits a thenable argument, as a real generator does"},{"ancestorTitles":["D7: toAsyncGenerator() keeps generator semantics"],"duration":6,"failureDetails":[],"failureMessages":[],"fullName":"D7: toAsyncGenerator() keeps generator semantics breaking out of a pipeline built on toAsyncGenerator() releases the waiter","invocations":1,"location":null,"numPassingAsserts":3,"retryReasons":[],"status":"passed","title":"breaking out of a pipeline built on toAsyncGenerator() releases the waiter"}],"endTime":1790311847234,"message":"","name":"/home/runner/work/async-queue-js/async-queue-js/test/iterator-teardown.test.ts","startTime":1790311847026,"status":"passed","summary":""},{"assertionResults":[{"ancestorTitles":["D8: the rejection carries the item that was not enqueued"],"duration":7,"failureDetails":[],"failureMessages":[],"fullName":"D8: the rejection carries the item that was not enqueued a blocked producer learns exactly which item it lost","invocations":1,"location":null,"numPassingAsserts":2,"retryReasons":[],"status":"passed","title":"a blocked producer learns exactly which item it lost"},{"ancestorTitles":["D8: the rejection carries the item that was not enqueued"],"duration":32,"failureDetails":[],"failureMessages":[],"fullName":"D8: the rejection carries the item that was not enqueued the rejection is a QueueClosedError and still an Error with the old message","invocations":1,"location":null,"numPassingAsserts":6,"retryReasons":[],"status":"passed","title":"the rejection is a QueueClosedError and still an Error with the old message"},{"ancestorTitles":["D8: the rejection carries the item that was not enqueued"],"duration":0,"failureDetails":[],"failureMessages":[],"fullName":"D8: the rejection carries the item that was not enqueued enqueue AFTER close also names the refused item","invocations":1,"location":null,"numPassingAsserts":2,"retryReasons":[],"status":"passed","title":"enqueue AFTER close also names the refused item"},{"ancestorTitles":["D8: the rejection carries the item that was not enqueued"],"duration":6,"failureDetails":[],"failureMessages":[],"fullName":"D8: the rejection carries the item that was not enqueued an item that is legitimately undefined is still identified as the lost payload","invocations":1,"location":null,"numPassingAsserts":3,"retryReasons":[],"status":"passed","title":"an item that is legitimately undefined is still identified as the lost payload"},{"ancestorTitles":["D8: close() hands back everything it could not enqueue"],"duration":6,"failureDetails":[],"failureMessages":[],"fullName":"D8: close() hands back everything it could not enqueue close() returns the blocked items in FIFO order","invocations":1,"location":null,"numPassingAsserts":3,"retryReasons":[],"status":"passed","title":"close() returns the blocked items in FIFO order"},{"ancestorTitles":["D8: close() hands back everything it could not enqueue"],"duration":0,"failureDetails":[],"failureMessages":[],"fullName":"D8: close() hands back everything it could not enqueue close() returns an empty array when nothing was blocked","invocations":1,"location":null,"numPassingAsserts":1,"retryReasons":[],"status":"passed","title":"close() returns an empty array when nothing was blocked"},{"ancestorTitles":["D8: close() hands back everything it could not enqueue"],"duration":6,"failureDetails":[],"failureMessages":[],"fullName":"D8: close() hands back everything it could not enqueue close() is still idempotent and reports the loss exactly once","invocations":1,"location":null,"numPassingAsserts":3,"retryReasons":[],"status":"passed","title":"close() is still idempotent and reports the loss exactly once"},{"ancestorTitles":["D8: close() hands back everything it could not enqueue"],"duration":6,"failureDetails":[],"failureMessages":[],"fullName":"D8: close() hands back everything it could not enqueue an aborted producer is NOT reported as dropped by close()","invocations":1,"location":null,"numPassingAsserts":2,"retryReasons":[],"status":"passed","title":"an aborted producer is NOT reported as dropped by close()"},{"ancestorTitles
[...]
ine":499,"column":5}}},"16":{"name":"(anonymous_16)","decl":{"start":{"line":505,"column":22},"end":{"line":505,"column":31}},"loc":{"start":{"line":505,"column":33},"end":{"line":513,"column":7}}},"17":{"name":"(anonymous_17)","decl":{"start":{"line":525,"column":10},"end":{"line":525,"column":22}},"loc":{"start":{"line":525,"column":63},"end":{"line":564,"column":3}}},"18":{"name":"(anonymous_18)","decl":{"start":{"line":528,"column":38},"end":{"line":528,"column":39}},"loc":{"start":{"line":528,"column":51},"end":{"line":531,"column":5}}},"19":{"name":"(anonymous_19)","decl":{"start":{"line":549,"column":22},"end":{"line":549,"column":31}},"loc":{"start":{"line":549,"column":33},"end":{"line":557,"column":7}}},"20":{"name":"(anonymous_20)","decl":{"start":{"line":569,"column":10},"end":{"line":569,"column":24}},"loc":{"start":{"line":569,"column":59},"end":{"line":573,"column":3}}},"21":{"name":"(anonymous_21)","decl":{"start":{"line":578,"column":10},"end":{"line":578,"column":28}},"loc":{"start":{"line":578,"column":54},"end":{"line":582,"column":3}}},"22":{"name":"(anonymous_22)","decl":{"start":{"line":592,"column":10},"end":{"line":592,"column":24}},"loc":{"start":{"line":592,"column":50},"end":{"line":598,"column":3}}},"23":{"name":"(anonymous_23)","decl":{"start":{"line":603,"column":10},"end":{"line":603,"column":24}},"loc":{"start":{"line":603,"column":50},"end":{"line":607,"column":3}}},"24":{"name":"(anonymous_24)","decl":{"start":{"line":616,"column":10},"end":{"line":616,"column":30}},"loc":{"start":{"line":616,"column":56},"end":{"line":626,"column":3}}},"25":{"name":"(anonymous_25)","decl":{"start":{"line":635,"column":10},"end":{"line":635,"column":23}},"loc":{"start":{"line":635,"column":59},"end":{"line":644,"column":3}}},"26":{"name":"(anonymous_26)","decl":{"start":{"line":650,"column":10},"end":{"line":650,"column":23}},"loc":{"start":{"line":650,"column":31},"end":{"line":659,"column":3}}},"27":{"name":"(anonymous_27)","decl":{"start":{"line":688,"column":2},"end":{"line":688,"column":9}},"loc":{"start":{"line":688,"column":41},"end":{"line":722,"column":3}}},"28":{"name":"(anonymous_28)","decl":{"start":{"line":740,"column":2},"end":{"line":740,"column":7}},"loc":{"start":{"line":740,"column":38},"end":{"line":757,"column":3}}},"29":{"name":"(anonymous_29)","decl":{"start":{"line":776,"column":2},"end":{"line":776,"column":7}},"loc":{"start":{"line":776,"column":44},"end":{"line":790,"column":3}}},"30":{"name":"(anonymous_30)","decl":{"start":{"line":819,"column":2},"end":{"line":819,"column":7}},"loc":{"start":{"line":819,"column":7},"end":{"line":852,"column":3}}},"31":{"name":"(anonymous_31)","decl":{"start":{"line":858,"column":2},"end":{"line":858,"column":6}},"loc":{"start":{"line":858,"column":14},"end":{"line":862,"column":3}}},"32":{"name":"(anonymous_32)","decl":{"start":{"line":868,"column":2},"end":{"line":868,"column":6}},"loc":{"start":{"line":868,"column":10},"end":{"line":870,"column":3}}},"33":{"name":"(anonymous_33)","decl":{"start":{"line":876,"column":2},"end":{"line":876,"column":6}},"loc":{"start":{"line":876,"column":14},"end":{"line":878,"column":3}}},"34":{"name":"(anonymous_34)","decl":{"start":{"line":884,"column":2},"end":{"line":884,"column":6}},"loc":{"start":{"line":884,"column":12},"end":{"line":886,"column":3}}},"35":{"name":"(anonymous_35)","decl":{"start":{"line":892,"column":2},"end":{"line":892,"column":6}},"loc":{"start":{"line":892,"column":13},"end":{"line":894,"column":3}}},"36":{"name":"(anonymous_36)","decl":{"start":{"line":900,"column":2},"end":{"line":900,"column":6}},"loc":{"start":{"line":900,"column":26},"end":{"line":902,"column":3}}},"37":{"name":"(anonymous_37)","decl":{"start":{"line":908,"column":2},"end":{"line":908,"column":6}},"loc":{"start":{"line":908,"column":26},"end":{"line":910,"column":3}}},"38":{"name":"(anonymous_38)","decl":{"start":{"line":935,"column":2},"end":{"line":935,"column":3}},"loc":{"start":{"line":935,"column":24},"end":{"line":937,"column":3}}},"39":{"name":"(anonymous_39)","decl":{"start":{"line":951,"column":10},"end":{"line":951,"column":22}},"loc":{"start":{"line":951,"column":22},"end":{"line":1041,"column":3}}},"40":{"name":"(anonymous_40)","decl":{"start":{"line":973,"column":20},"end":{"line":973,"column":29}},"loc":{"start":{"line":973,"column":31},"end":{"line":984,"column":5}}},"41":{"name":"(anonymous_41)","decl":{"start":{"line":987,"column":6},"end":{"line":987,"column":7}},"loc":{"start":{"line":987,"column":28},"end":{"line":989,"column":7}}},"42":{"name":"(anonymous_42)","decl":{"start":{"line":991,"column":6},"end":{"line":991,"column":10}},"loc":{"start":{"line":991,"column":10},"end":{"line":1015,"column":7}}},"43":{"name":"(anonymous_43)","decl":{"start":{"line":1007,"column":35},"end":{"line":1007,"column":36}},"loc":{"start":{"line":1007,"column":65},"end":{"line":1014,"column":9}}},"44":{"name":"(anonymous_44)","decl":{"start":{"line":1019,"column":6},"end":{"line":1019,"column":12}},"loc":{"start":{"line":1019,"column":28},"end":{"line":1024,"column":7}}},"45":{"name":"(anonymous_45)","decl":{"start":{"line":1022,"column":10},"end":{"line":1022,"column":11}},"loc":{"start":{"line":1022,"column":44},"end":{"line":1022,"column":109}}},"46":{"name":"(anonymous_46)","decl":{"start":{"line":1026,"column":6},"end":{"line":1026,"column":11}},"loc":{"start":{"line":1026,"column":27},"end":{"line":1029,"column":7}}},"47":{"name":"(anonymous_47)","decl":{"start":{"line":1034,"column":6},"end":{"line":1034,"column":7}},"loc":{"start":{"line":1034,"column":21},"end":{"line":1037,"column":7}}},"48":{"name":"(anonymous_48)","decl":{"start":{"line":1058,"column":2},"end":{"line":1058,"column":9}},"loc":{"start":{"line":1058,"column":9},"end":{"line":1062,"column":3}}},"49":{"name":"(anonymous_49)","decl":{"start":{"line":1060,"column":30},"end":{"line":1060,"column":33}},"loc":{"start":{"line":1060,"column":36},"end":{"line":1060,"column":64}}},"50":{"name":"(anonymous_50)","decl":{"start":{"line":1099,"column":2},"end":{"line":1099,"column":18}},"loc":{"start":{"line":1099,"column":18},"end":{"line":1101,"column":3}}},"51":{"name":"(anonymous_51)","decl":{"start":{"line":1124,"column":2},"end":{"line":1124,"column":7}},"loc":{"start":{"line":1124,"column":13},"end":{"line":1133,"column":3}}},"52":{"name":"(anonymous_52)","decl":{"start":{"line":1149,"column":2},"end":{"line":1149,"column":7}},"loc":{"start":{"line":1149,"column":22},"end":{"line":1159,"column":3}}}},"branchMap":{"0":{"loc":{"start":{"line":90,"column":4},"end":{"line":94,"column":5}},"type":"if","locations":[{"start":{"line":90,"column":4},"end":{"line":94,"column":5}},{"start":{"line":92,"column":11},"end":{"line":94,"column":5}}]},"1":{"loc":{"start":{"line":107,"column":4},"end":{"line":111,"column":5}},"type":"if","locations":[{"start":{"line":107,"column":4},"end":{"line":111,"column":5}},{"start":{"line":109,"column":11},"end":{"line":111,"column":5}}]},"2":{"loc":{"start":{"line":112,"column":4},"end":{"line":116,"column":5}},"type":"if","locations":[{"start":{"line":112,"column":4},"end":{"line":116,"column":5}},{"start":{"line":114,"column":11},"end":{"line":116,"column":5}}]},"3":{"loc":{"start":{"line":125,"column":4},"end":{"line":127,"column":5}},"type":"if","locations":[{"start":{"line":125,"column":4},"end":{"line":127,"column":5}}]},"4":{"loc":{"start":{"line":153,"column":9},"end":{"line":153,"column":51}},"type":"cond-expr","locations":[{"start":{"line":153,"column":18},"end":{"line":153,"column":19}},{"start":{"line":153,"column":22},"end":{"line":153,"column":51}}]},"5":{"loc":{"start":{"line":190,"column":3},"end":{"line":191,"column":67}},"type":"binary-expr","locations":[{"start":{"line":190,"column":3},"end":{"line":190,"column":72}},{"start":{"line":191,"column":3},"end":{"line":191,"column":67}}]},"6":{"loc":{"start":{"line":222,"column":2},"end":{"line":222,"column":42}},"type":"if","locations":[{"start":{"line":222,"column":2},"end":{"line":222,"column":42}}]},"7":{"loc":{"start":{"line":281,"column":32},"end":{"line":281,"column":83}},"type":"binary-expr","locations":[{"start":{"line":281,"column":32},"end":{"line":281,"column":53}},{"start":{"line":281,"column":57},"end":{"line":281,"column":83}}]},"8":{"loc":{"start":{"line":329,"column":4},"end":{"line":331,"column":5}},"type":"if","locations":[{"start":{"line":329,"column":4},"end":{"line":331,"column":5}}]},"9":{"loc":{"start":{"line":333,"column":6},"end":{"line":335,"column":69}},"type":"binary-expr","locations":[{"start":{"line":333,"column":6},"end":{"line":333,"column":31}},{"start":{"line":334,"column":6},"end":{"line":334,"column":20}},{"start":{"line":335,"column":7},"end":{"line":335,"column":69}}]},"10":{"loc":{"start":{"line":420,"column":14},"end":{"line":420,"column":25}},"type":"default-arg","locations":[{"start":{"line":420,"column":24},"end":{"line":420,"column":25}}]},"11":{"loc":{"start":{"line":422,"column":4},"end":{"line":424,"column":5}},"type":"if","locations":[{"start":{"line":422,"column":4},"end":{"line":424,"column":5}}]},"12":{"loc":{"start":{"line":422,"column":8},"end":{"line":422,"column":60}},"type":"binary-expr","locations":[{"start":{"line":422,"column":8},"end":{"line":422,"column":35}},{"start":{"line":422,"column":39},"end":{"line":422,"column":60}}]},"13":{"loc":{"start":{"line":425,"column":4},"end":{"line":427,"column":5}},"type":"if","locations":[{"start":{"line":425,"column":4},"end":{"line":427,"column":5}}]},"14":{"loc":{"start":{"line":431,"column":6},"end":{"line":431,"column":62}},"type":"cond-expr","locations":[{"start":{"line":431,"column":29},"end":{"line":431,"column":41}},{"start":{"line":431,"column":44},"end":{"line":431,"column":62}}]},"15":{"loc":{"start":{"line":470,"column":4},"end":{"line":474,"column":5}},"type":"if","locations":[{"start":{"line":470,"column":4},"end":{"line":474,"column":5}}]},"16":{"loc":{"start":{"line":483,"column":4},"end":{"line":487,"column":5}},"type":"if","locations":[{"start":{"line":483,"column":4},"end":{"line":487,"column":5}}]},"17":{"loc":{"start":{"line":483,"column":8},"end":{"line":483,"column":67}},"type":"binary-expr","locations":[{"start":{"line":483,"column":8},"end":{"line":483,"column":35}},{"start":{"line":483,"column":39},"end":{"line":483,"column":67}}]},"18":{"loc":{"start":{"line":504,"column":4},"end":{"line":517,"column":5}},"type":"if","locations":[{"start":{"line":504,"column":4},"end":{"line":517,"column":5}}]},"19":{"loc":{"start":{"line":506,"column":8},"end":{"line":506,"column":35}},"type":"if","locations":[{"start":{"line":506,"column":8},"end":{"line":506,"column":35}}]},"20":{"loc":{"start":{"line":548,"column":4},"end":{"line":561,"column":5}},"type":"if","locations":[{"start":{"line":548,"column":4},"end":{"line":561,"column":5}}]},"21":{"loc":{"start":{"line":550,"column":8},"end":{"line":550,"column":35}},"type":"if","locations":[{"start":{"line":550,"column":8},"end":{"line":550,"column":35}}]},"22":{"loc":{"start":{"line":593,"column":4},"end":{"line":593,"column":31}},"type":"if","locations":[{"start":{"line":593,"column":4},"end":{"line":593,"column":31}}]},"23":{"loc":{"start":{"line":637,"column":4},"end":{"line":637,"column":38}},"type":"if","locations":[{"start":{"line":637,"column":4},"end":{"line":637,"column":38}}]},"24":{"loc":{"start":{"line":690,"column":4},"end":{"line":692,"column":5}},"type":"if","locations":[{"start":{"line":690,"column":4},"end":{"line":692,"column":5}}]},"25":{"loc":{"start":{"line":699,"column":4},"end":{"line":702,"column":5}},"type":"if","locations":[{"start":{"line":699,"column":4},"end":{"line":702,"column":5}}]},"26":{"loc":{"start":{"line":705,"column":4},"end":{"line":708,"column":5}},"type":"if","locations":[{"start":{"line":705,"column":4},"end":{"line":708,"column":5}}]},"27":{"loc":{"start":{"line":713,"column":4},"end":{"line":720,"column":5}},"type":"if","locations":[{"start":{"line":713,"column":4},"end":{"line":720,"column":5}}]},"28":{"loc":{"start":{"line":713,"column":8},"end":{"line":713,"column":46}},"type":"binary-expr","locations":[{"start":{"line":713,"column":8},"end":{"line":713,"column":28}},{"start":{"line":713,"column":32},"end":{"line":713,"column":46}}]},"29":{"loc":{"start":{"line":742,"column":4},"end":{"line":744,"column":5}},"type":"if","locations":[{"start":{"line":742,"column":4},"end":{"line":744,"column":5}}]},"30":{"loc":{"start":{"line":746,"column":4},"end":{"line":748,"column":5}},"type":"if","locations":[{"start":{"line":746,"column":4},"end":{"line":748,"column":5}}]},"31":{"loc":{"start":{"line":751,"column":4},"end":{"line":753,"column":5}},"type":"if","locations":[{"start":{"line":751,"column":4},"end":{"line":753,"column":5}}]},"32":{"loc":{"start":{"line":751,"column":8},"end":{"line":751,"column":46}},"type":"binary-expr","locations":[{"start":{"line":751,"column":8},"end":{"line":751,"column":28}},{"start":{"line":751,"column":32},"end":{"line":751,"column":46}}]},"33":{"loc":{"start":{"line":756,"column":11},"end":{"line":756,"column":49}},"type":"cond-expr","locations":[{"start":{"line":756,"column":25},"end":{"line":756,"column":34}},{"start":{"line":756,"column":37},"end":{"line":756,"column":49}}]},"34":{"loc":{"start":{"line":777,"column":4},"end":{"line":779,"column":5}},"type":"if","locations":[{"start":{"line":777,"column":4},"end":{"line":779,"column":5}}]},"35":{"loc":{"start":{"line":780,"column":4},"end":{"line":782,"column":5}},"type":"if","locations":[{"start":{"line":780,"column":4},"end":{"line":782,"column":5}}]},"36":{"loc":{"start":{"line":785,"column":4},"end":{"line":787,"column":5}},"type":"if","locations":[{"start":{"line":785,"column":4},"end":{"line":787,"column":5}}]},"37":{"loc":{"start":{"line":785,"column":8},"end":{"line":785,"column":46}},"type":"binary-expr","locations":[{"start":{"line":785,"column":8},"end":{"line":785,"column":28}},{"start":{"line":785,"column":32},"end":{"line":785,"column":46}}]},"38":{"loc":{"start":{"line":825,"column":4},"end":{"line":827,"column":5}},"type":"if","locations":[{"start":{"line":825,"column":4},"end":{"line":827,"column":5}}]},"39":{"loc":{"start":{"line":837,"column":6},"end":{"line":837,"column":40}},"type":"if","locations":[{"start":{"line":837,"column":6},"end":{"line":837,"column":40}}]},"40":{"loc":{"start":{"line":847,"column":6},"end":{"line":847,"column":40}},"type":"if","locations":[{"start":{"line":847,"column":6},"end":{"line":847,"column":40}}]},"41":{"loc":{"start":{"line":861,"column":11},"end":{"line":861,"column":42}},"type":"binary-expr","locations":[{"start":{"line":861,"column":11},"end":{"line":861,"column":22}},{"start":{"line":861,"column":26},"end":{"line":861,"column":42}}]},"42":{"loc":{"start":{"line":975,"column":6},"end":{"line":975,"column":37}},"type":"if","locations":[{"start":{"line":975,"column":6},"end":{"line":975,"column":37}}]},"43":{"loc":{"start":{"line":992,"column":8},"end":{"line":994,"column":9}},"type":"if","locations":[{"start":{"line":992,"column":8},"end":{"line":994,"column":9}}]},"44":{"loc":{"start":{"line":997,"column":8},"end":{"line":999,"column":9}},"type":"if","locations":[{"start":{"line":997,"column":8},"end":{"line":999,"column":9}}]},"45":{"loc":{"start":{"line":1000,"column":8},"end":{"line":1003,"column":9}},"type":"if","locations":[{"start":{"line":1000,"column":8},"end":{"line":1003,"column":9}}]},"46":{"loc":{"start":{"line":1009,"column":10},"end":{"line":1012,"column":11}},"type":"if","locations":[{"start":{"line":1009,"column":10},"end":{"line":1012,"column":11}}]},"47":{"loc":{"start":{"line":1128,"column":6},"end":{"line":1130,"column":7}},"type":"if","locations":[{"start":{"line":1128,"column":6},"end":{"line":1130,"column":7}}]},"48":{"loc":{"start":{"line":1151,"column":20},"end":{"line":1151,"column":43}},"type":"binary-expr","locations":[{"start":{"line":1151,"column":20},"end":{"line":1151,"column":25}},{"start":{"line":1151,"column":29},"end":{"line":1151,"column":43}}]},"49":{"loc":{"start":{"line":1153,"column":6},"end":{"line":1155,"column":7}},"type":"if","locations":[{"start":{"line":1153,"column":6},"end":{"line":1155,"column":7}}]}},"s":{"0":1896,"1":1896,"2":1896,"3":0,"4":603261,"5":603261,"6":603261,"7":603261,"8":57747,"9":545514,"10":603261,"11":603261,"12":603260,"13":603260,"14":602870,"15":390,"16":603260,"17":57759,"18":545501,"19":603260,"20":603260,"21":603260,"22":986629,"23":986629,"24":404405,"25":582224,"26":582224,"27":15,"28":932,"29":15,"30":15,"31":15,"32":15,"33":15,"34":20953,"35":20953,"36":20953,"37":0,"38":0,"39":0,"40":986,"41":986,"42":986,"43":986,"44":15,"45":15,"46":15,"47":15,"48":64,"49":6,"50":58,"51":948,"52":948,"53":948,"54":948,"55":948,"56":948,"57":948,"58":948,"59":8,"60":940,"61":8,"62":932,"63":932,"64":932,"65":239860,"66":239860,"67":239860,"68":239752,"69":239752,"70":239752,"71":239752,"72":239752,"73":239752,"74":98731,"75":98731,"76":98731,"77":239752,"78":603260,"79":20971,"80":20971,"81":20971,"82":482622,"83":482622,"84":482622,"85":482622,"86":482622,"87":482622,"88":19,"89":12,"90":0,"91":12,"92":12,"93":12,"94":12,"95":19,"96":19,"97":19,"98":482622,"99":120639,"100":120639,"101":120639,"102":120639,"103":120639,"104":120639,"105":120639,"106":20952,"107":20938,"108":0,"109":20938,"110":20938,"111":20938,"112":20938,"113":20938,"114":20952,"115":20952,"116":20952,"117":120639,"118":480911,"119":480911,"120":480911,"121":1612,"122":1612,"123":1612,"124":86,"125":0,"126":86,"127":86,"128":86,"129":86,"130":98731,"131":98731,"132":98731,"133":970,"134":970,"135":970,"136":970,"137":970,"138":970,"139":970,"140":970,"141":970,"142":976,"143":976,"144":968,"145":8,"146":8,"147":1,"148":6,"149":6,"150":6,"151":6,"152":6,"153":742687,"154":6,"155":742681,"156":742681,"157":480911,"158":480911,"159":261770,"160":141129,"161":141129,"162":120641,"163":120641,"164":2,"165":2,"166":2,"167":120639,"168":673396,"169":197634,"170":475762,"171":234,"172":475528,"173":475528,"174":1,"175":475527,"176":475516,"177":32568,"178":28380,"179":4188,"180":114,"181":4074,"182":4074,"183":0,"184":4074,"185":811,"186":811,"187":4,"188":807,"189":807,"190":2419,"191":2419,"192":807,"193":1612,"194":807,"195":1777,"196":1777,"197":807,"198":970,"199":807,"200":101046,"201":40,"202":12,"203":2219,"204":14,"205":65,"206":21843,"207":337,"208":367,"209":367,"210":367,"211":367,"212":39,"213":39,"214":7,"215":32,"216":32,"217":32,"218":86,"219":367,"220":5,"221":16881,"222":3,"223":16878,"224":13738,"225":3140,"226":119,"227":119,"228":3021,"229":3021,"230":3021,"231":3021,"232":3021,"233":295,"234":295,"235":2726,"236":35,"237":35,"238":35,"239":4,"240":4,"241":0,"242":0,"243":367,"244":11,"245":11,"246":30,"247":11,"248":11,"249":76,"250":76,"251":11,"252":65,"253":9,"254":9,"255":9,"256":22,"257":22,"258":1,"259":21,"260":9,"261":15,"262":15,"263":15},"f":{"0":1896,"1":0,"2":603261,"3":603260,"4":986629,"5":932,"6":22886,"7":20953,"8":986,"9":64,"10":948,"11":239860,"12":239752,"13":603260,"14":482622,"15":482622,"16":12,"17":120639,"18":120639,"19":20938,"20":480911,"21":1612,"22":86,"23":98731,"24":970,"25":976,"26":6,"27":742687,"28":673396,"29":32568,"30":811,"31":101046,"32":40,"33":12,"34":2219,"35":14,"36":65,"37":21843,"38":337,"39":367,"40":39,"41":5,"42":16881,"43":3021,"44":35,"45":35,"46":4,"47":0,"48":11,"49":11,"50":30,"51":11,"52":9},"b":{"0":[57747,545514],"1":[602870,390],"2":[57759,545501],"3":[404405],"4":[413,519],"5":[15,0],"6":[20953],"7":[986,0],"8":[6],"9":[58,50,48],"10":[13],"11":[8],"12":[948,944],"13":[8],"14":[1,931],"15":[98731],"16":[20971],"17":[603260,20971],"18":[19],"19":[0],"20":[20952],"21":[0],"22":[0],"23":[968],"24":[6],"25":[480911],"26":[141129],"27":[2],"28":[120641,20954],"29":[197634],"30":[234],"31":[1],"32":[475528,18],"33":[748,474768],"34":[28380],"35":[114],"36":[0],"37":[4074,2],"38":[4],"39":[807],"40":[807],"41":[101046,116],"42":[7],"43":[3],"44":[13738],"45":[119],"46":[295],"47":[11],"48":[30,24],"49":[1]}}}}
