{"total": {"lines":{"total":93,"covered":93,"skipped":0,"pct":100},"statements":{"total":98,"covered":96,"skipped":0,"pct":97.95},"functions":{"total":23,"covered":23,"skipped":0,"pct":100},"branches":{"total":23,"covered":21,"skipped":0,"pct":91.3},"branchesTrue":{"total":0,"covered":0,"skipped":0,"pct":"Unknown"}}
,"/home/runner/work/async-queue-js/async-queue-js/src/index.ts": {"lines":{"total":93,"covered":93,"skipped":0,"pct":100},"functions":{"total":23,"covered":23,"skipped":0,"pct":100},"statements":{"total":98,"covered":96,"skipped":0,"pct":97.95},"branches":{"total":23,"covered":21,"skipped":0,"pct":91.3}}
}
