TN:
SF:src/index.ts
FN:75,(anonymous_0)
FN:81,(anonymous_1)
FN:86,(anonymous_2)
FN:105,(anonymous_3)
FN:123,(anonymous_4)
FN:152,nextPowerOfTwo
FN:157,(anonymous_6)
FN:220,abortReason
FN:266,(anonymous_8)
FN:325,(anonymous_9)
FN:420,(anonymous_10)
FN:443,(anonymous_11)
FN:457,(anonymous_12)
FN:482,(anonymous_13)
FN:493,(anonymous_14)
FN:496,(anonymous_15)
FN:505,(anonymous_16)
FN:525,(anonymous_17)
FN:528,(anonymous_18)
FN:549,(anonymous_19)
FN:569,(anonymous_20)
FN:578,(anonymous_21)
FN:592,(anonymous_22)
FN:603,(anonymous_23)
FN:616,(anonymous_24)
FN:635,(anonymous_25)
FN:650,(anonymous_26)
FN:688,(anonymous_27)
FN:740,(anonymous_28)
FN:776,(anonymous_29)
FN:819,(anonymous_30)
FN:858,(anonymous_31)
FN:868,(anonymous_32)
FN:876,(anonymous_33)
FN:884,(anonymous_34)
FN:892,(anonymous_35)
FN:900,(anonymous_36)
FN:908,(anonymous_37)
FN:935,(anonymous_38)
FN:951,(anonymous_39)
FN:973,(anonymous_40)
FN:987,(anonymous_41)
FN:991,(anonymous_42)
FN:1007,(anonymous_43)
FN:1019,(anonymous_44)
FN:1022,(anonymous_45)
FN:1026,(anonymous_46)
FN:1034,(anonymous_47)
FN:1058,(anonymous_48)
FN:1060,(anonymous_49)
FN:1099,(anonymous_50)
FN:1124,(anonymous_51)
FN:1149,(anonymous_52)
FNF:53
FNH:51
FNDA:1896,(anonymous_0)
FNDA:0,(anonymous_1)
FNDA:603261,(anonymous_2)
FNDA:603260,(anonymous_3)
FNDA:986629,(anonymous_4)
FNDA:932,nextPowerOfTwo
FNDA:22886,(anonymous_6)
FNDA:20953,abortReason
FNDA:986,(anonymous_8)
FNDA:64,(anonymous_9)
FNDA:948,(anonymous_10)
FNDA:239860,(anonymous_11)
FNDA:239752,(anonymous_12)
FNDA:603260,(anonymous_13)
FNDA:482622,(anonymous_14)
FNDA:482622,(anonymous_15)
FNDA:12,(anonymous_16)
FNDA:120639,(anonymous_17)
FNDA:120639,(anonymous_18)
FNDA:20938,(anonymous_19)
FNDA:480911,(anonymous_20)
FNDA:1612,(anonymous_21)
FNDA:86,(anonymous_22)
FNDA:98731,(anonymous_23)
FNDA:970,(anonymous_24)
FNDA:976,(anonymous_25)
FNDA:6,(anonymous_26)
FNDA:742687,(anonymous_27)
FNDA:673396,(anonymous_28)
FNDA:32568,(anonymous_29)
FNDA:811,(anonymous_30)
FNDA:101046,(anonymous_31)
FNDA:40,(anonymous_32)
FNDA:12,(anonymous_33)
FNDA:2219,(anonymous_34)
FNDA:14,(anonymous_35)
FNDA:65,(anonymous_36)
FNDA:21843,(anonymous_37)
FNDA:337,(anonymous_38)
FNDA:367,(anonymous_39)
FNDA:39,(anonymous_40)
FNDA:5,(anonymous_41)
FNDA:16881,(anonymous_42)
FNDA:3021,(anonymous_43)
FNDA:35,(anonymous_44)
FNDA:35,(anonymous_45)
FNDA:4,(anonymous_46)
FNDA:0,(anonymous_47)
FNDA:11,(anonymous_48)
FNDA:11,(anonymous_49)
FNDA:30,(anonymous_50)
FNDA:11,(anonymous_51)
FNDA:9,(anonymous_52)
DA:76,1896
DA:77,1896
DA:78,1896
DA:82,0
DA:87,603261
DA:88,603261
DA:89,603261
DA:90,603261
DA:91,57747
DA:93,545514
DA:95,603261
DA:96,603261
DA:106,603260
DA:107,603260
DA:108,602870
DA:110,390
DA:112,603260
DA:113,57759
DA:115,545501
DA:117,603260
DA:118,603260
DA:119,603260
DA:124,986629
DA:125,986629
DA:126,404405
DA:128,582224
DA:129,582224
DA:141,15
DA:153,932
DA:157,15
DA:160,15
DA:177,15
DA:180,15
DA:190,15
DA:221,20953
DA:222,20953
DA:223,0
DA:224,0
DA:225,0
DA:262,15
DA:267,986
DA:268,986
DA:269,986
DA:281,986
DA:297,15
DA:299,15
DA:324,15
DA:329,64
DA:330,6
DA:332,58
DA:378,15
DA:381,948
DA:382,948
DA:383,948
DA:388,948
DA:389,948
DA:391,948
DA:400,15
DA:421,948
DA:422,948
DA:423,8
DA:425,940
DA:426,8
DA:430,932
DA:436,932
DA:437,932
DA:444,239860
DA:445,239860
DA:446,239860
DA:458,239752
DA:459,239752
DA:460,239752
DA:461,239752
DA:469,239752
DA:470,239752
DA:471,98731
DA:472,98731
DA:473,98731
DA:476,239752
DA:483,603260
DA:484,20971
DA:485,20971
DA:486,20971
DA:496,482622
DA:497,482622
DA:498,482622
DA:500,482622
DA:502,482622
DA:504,482622
DA:505,19
DA:506,12
DA:507,12
DA:510,12
DA:511,12
DA:512,12
DA:514,19
DA:515,19
DA:516,19
DA:519,482622
DA:528,120639
DA:529,120639
DA:530,120639
DA:532,120639
DA:544,120639
DA:546,120639
DA:548,120639
DA:549,20952
DA:550,20938
DA:551,20938
DA:552,20938
DA:553,20938
DA:555,20938
DA:556,20938
DA:558,20952
DA:559,20952
DA:560,20952
DA:563,120639
DA:570,480911
DA:571,480911
DA:572,480911
DA:579,1612
DA:580,1612
DA:581,1612
DA:593,86
DA:594,86
DA:595,86
DA:596,86
DA:597,86
DA:604,98731
DA:605,98731
DA:606,98731
DA:617,970
DA:618,970
DA:619,970
DA:620,970
DA:621,970
DA:622,970
DA:623,970
DA:624,970
DA:625,970
DA:636,976
DA:637,976
DA:638,8
DA:639,8
DA:642,1
DA:651,6
DA:652,6
DA:656,6
DA:657,6
DA:658,6
DA:690,742687
DA:691,6
DA:698,742681
DA:699,742681
DA:700,480911
DA:701,480911
DA:705,261770
DA:706,141129
DA:707,141129
DA:712,120641
DA:713,120641
DA:717,2
DA:718,2
DA:719,2
DA:721,120639
DA:742,673396
DA:743,197634
DA:746,475762
DA:747,234
DA:750,475528
DA:751,475528
DA:752,1
DA:755,475527
DA:756,475516
DA:777,32568
DA:778,28380
DA:780,4188
DA:781,114
DA:784,4074
DA:785,4074
DA:786,0
DA:789,4074
DA:820,811
DA:825,811
DA:826,4
DA:831,807
DA:835,807
DA:836,2419
DA:837,2419
DA:838,1612
DA:845,807
DA:846,1777
DA:847,1777
DA:848,970
DA:851,807
DA:861,101046
DA:869,40
DA:877,12
DA:885,2219
DA:893,14
DA:901,65
DA:909,21843
DA:936,337
DA:952,367
DA:953,367
DA:971,367
DA:973,367
DA:974,39
DA:975,39
DA:979,32
DA:980,32
DA:981,32
DA:982,86
DA:986,367
DA:988,5
DA:992,16881
DA:993,3
DA:997,16878
DA:998,13738
DA:1000,3140
DA:1001,119
DA:1002,119
DA:1005,3021
DA:1006,3021
DA:1007,3021
DA:1008,3021
DA:1009,3021
DA:1010,295
DA:1011,295
DA:1013,2726
DA:1020,35
DA:1021,35
DA:1022,35
DA:1027,4
DA:1028,4
DA:1035,0
DA:1036,0
DA:1040,367
DA:1059,11
DA:1060,11
DA:1100,30
DA:1125,11
DA:1126,11
DA:1127,76
DA:1128,76
DA:1129,11
DA:1131,65
DA:1150,9
DA:1151,9
DA:1152,22
DA:1153,22
DA:1154,1
DA:1156,21
DA:1158,9
DA:1179,15
LF:255
LH:248
BRDA:90,0,0,57747
BRDA:90,0,1,545514
BRDA:107,1,0,602870
BRDA:107,1,1,390
BRDA:112,2,0,57759
BRDA:112,2,1,545501
BRDA:125,3,0,404405
BRDA:153,4,0,413
BRDA:153,4,1,519
BRDA:190,5,0,15
BRDA:190,5,1,0
BRDA:222,6,0,20953
BRDA:281,7,0,986
BRDA:281,7,1,0
BRDA:329,8,0,6
BRDA:333,9,0,58
BRDA:333,9,1,50
BRDA:333,9,2,48
BRDA:420,10,0,13
BRDA:422,11,0,8
BRDA:422,12,0,948
BRDA:422,12,1,944
BRDA:425,13,0,8
BRDA:431,14,0,1
BRDA:431,14,1,931
BRDA:470,15,0,98731
BRDA:483,16,0,20971
BRDA:483,17,0,603260
BRDA:483,17,1,20971
BRDA:504,18,0,19
BRDA:506,19,0,0
BRDA:548,20,0,20952
BRDA:550,21,0,0
BRDA:593,22,0,0
BRDA:637,23,0,968
BRDA:690,24,0,6
BRDA:699,25,0,480911
BRDA:705,26,0,141129
BRDA:713,27,0,2
BRDA:713,28,0,120641
BRDA:713,28,1,20954
BRDA:742,29,0,197634
BRDA:746,30,0,234
BRDA:751,31,0,1
BRDA:751,32,0,475528
BRDA:751,32,1,18
BRDA:756,33,0,748
BRDA:756,33,1,474768
BRDA:777,34,0,28380
BRDA:780,35,0,114
BRDA:785,36,0,0
BRDA:785,37,0,4074
BRDA:785,37,1,2
BRDA:825,38,0,4
BRDA:837,39,0,807
BRDA:847,40,0,807
BRDA:861,41,0,101046
BRDA:861,41,1,116
BRDA:975,42,0,7
BRDA:992,43,0,3
BRDA:997,44,0,13738
BRDA:1000,45,0,119
BRDA:1009,46,0,295
BRDA:1128,47,0,11
BRDA:1151,48,0,30
BRDA:1151,48,1,24
BRDA:1153,49,0,1
BRF:67
BRH:61
end_of_record
