TN:
SF:src/index.ts
FN:44,(anonymous_0)
FN:62,(anonymous_1)
FN:71,(anonymous_2)
FN:84,(anonymous_3)
FN:96,(anonymous_4)
FN:109,(anonymous_5)
FN:120,(anonymous_6)
FN:146,(anonymous_7)
FN:152,(anonymous_8)
FN:181,(anonymous_9)
FN:207,(anonymous_10)
FN:217,(anonymous_11)
FN:225,(anonymous_12)
FN:233,(anonymous_13)
FN:241,(anonymous_14)
FN:249,(anonymous_15)
FN:257,(anonymous_16)
FN:284,(anonymous_17)
FN:310,(anonymous_18)
FN:312,(anonymous_19)
FN:338,(anonymous_20)
FN:363,(anonymous_21)
FN:385,(anonymous_22)
FNF:23
FNH:23
FNDA:63,(anonymous_0)
FNDA:148495,(anonymous_1)
FNDA:148484,(anonymous_2)
FNDA:24482,(anonymous_3)
FNDA:24456,(anonymous_4)
FNDA:148497,(anonymous_5)
FNDA:12902,(anonymous_6)
FNDA:148535,(anonymous_7)
FNDA:11580,(anonymous_8)
FNDA:38,(anonymous_9)
FNDA:101028,(anonymous_10)
FNDA:7,(anonymous_11)
FNDA:3,(anonymous_12)
FNDA:4,(anonymous_13)
FNDA:3,(anonymous_14)
FNDA:2,(anonymous_15)
FNDA:1,(anonymous_16)
FNDA:15,(anonymous_17)
FNDA:2,(anonymous_18)
FNDA:2,(anonymous_19)
FNDA:2,(anonymous_20)
FNDA:3,(anonymous_21)
FNDA:6,(anonymous_22)
DA:24,5
DA:27,63
DA:28,63
DA:29,63
DA:32,63
DA:33,63
DA:34,63
DA:35,63
DA:36,63
DA:38,63
DA:45,63
DA:46,2
DA:50,61
DA:51,61
DA:52,61
DA:55,61
DA:56,61
DA:63,148495
DA:64,148495
DA:65,148495
DA:72,148484
DA:74,148484
DA:75,148484
DA:76,148484
DA:77,148484
DA:78,148484
DA:86,24482
DA:87,22
DA:89,24482
DA:90,24482
DA:97,24456
DA:98,24456
DA:99,24456
DA:100,24456
DA:111,148497
DA:112,1
DA:117,148496
DA:120,12902
DA:121,12902
DA:125,12902
DA:126,1
DA:131,148495
DA:135,148495
DA:136,11555
DA:137,11555
DA:138,11555
DA:149,148535
DA:152,11580
DA:153,11580
DA:159,148535
DA:160,51
DA:164,148484
DA:168,148484
DA:169,12901
DA:170,12901
DA:171,12901
DA:174,148484
DA:184,38
DA:188,38
DA:189,25
DA:190,25
DA:192,38
DA:196,38
DA:197,1
DA:198,1
DA:200,38
DA:210,101028
DA:218,7
DA:226,3
DA:234,4
DA:242,3
DA:250,2
DA:258,1
DA:285,15
DA:286,10063
DA:287,10063
DA:289,15
DA:291,10048
DA:311,2
DA:312,2
DA:339,2
DA:364,3
DA:365,3
DA:366,12
DA:368,3
DA:386,6
DA:387,6
DA:388,16
DA:389,16
DA:390,15
DA:392,1
DA:395,6
DA:400,5
LF:93
LH:93
BRDA:44,0,0,11
BRDA:45,1,0,2
BRDA:72,2,0,0
BRDA:86,3,0,22
BRDA:97,4,0,0
BRDA:111,5,0,1
BRDA:117,6,0,161397
BRDA:117,6,1,12902
BRDA:125,7,0,1
BRDA:135,8,0,11555
BRDA:149,9,0,160115
BRDA:149,9,1,11631
BRDA:159,10,0,51
BRDA:159,11,0,148535
BRDA:159,11,1,51
BRDA:168,12,0,12901
BRDA:210,13,0,101028
BRDA:210,13,1,96
BRDA:287,14,0,15
BRDA:387,15,0,21
BRDA:387,15,1,18
BRDA:389,16,0,15
BRDA:389,16,1,1
BRF:23
BRH:21
end_of_record
